Using pre-set license
Built from '2021.3/staging' branch; Version is '2021.3.11f1 (0a5ca18544bf) revision 679073'; Using compiler version '192829333'; Build Type 'Release'
OS: 'Windows 10  (10.0.19043) 64bit Core' Language: 'en' Physical Memory: 16326 MB
BatchMode: 1, IsHumanControllingUs: 0, StartBugReporterOnCrash: 0, Is64bit: 1, IsPro: 1

COMMAND LINE ARGUMENTS:
F:\UnityInstalls\2021.3.11f1\Editor\Unity.exe
-adb2
-batchMode
-noUpm
-name
AssetImportWorker2
-projectPath
C:/Users/mitch/UnityProjects/carton_turrets/Carton Turrets
-logFile
Logs/AssetImportWorker2.log
-srvPort
53597
Successfully changed project path to: C:/Users/mitch/UnityProjects/carton_turrets/Carton Turrets
C:/Users/mitch/UnityProjects/carton_turrets/Carton Turrets
[UnityMemory] Configuration Parameters - Can be set up in boot.config
    "memorysetup-bucket-allocator-granularity=16"
    "memorysetup-bucket-allocator-bucket-count=8"
    "memorysetup-bucket-allocator-block-size=33554432"
    "memorysetup-bucket-allocator-block-count=8"
    "memorysetup-main-allocator-block-size=16777216"
    "memorysetup-thread-allocator-block-size=16777216"
    "memorysetup-gfx-main-allocator-block-size=16777216"
    "memorysetup-gfx-thread-allocator-block-size=16777216"
    "memorysetup-cache-allocator-block-size=4194304"
    "memorysetup-typetree-allocator-block-size=2097152"
    "memorysetup-profiler-bucket-allocator-granularity=16"
    "memorysetup-profiler-bucket-allocator-bucket-count=8"
    "memorysetup-profiler-bucket-allocator-block-size=33554432"
    "memorysetup-profiler-bucket-allocator-block-count=8"
    "memorysetup-profiler-allocator-block-size=16777216"
    "memorysetup-profiler-editor-allocator-block-size=1048576"
    "memorysetup-temp-allocator-size-main=16777216"
    "memorysetup-job-temp-allocator-block-size=2097152"
    "memorysetup-job-temp-allocator-block-size-background=1048576"
    "memorysetup-job-temp-allocator-reduction-small-platforms=262144"
    "memorysetup-temp-allocator-size-background-worker=32768"
    "memorysetup-temp-allocator-size-job-worker=262144"
    "memorysetup-temp-allocator-size-preload-manager=33554432"
    "memorysetup-temp-allocator-size-nav-mesh-worker=65536"
    "memorysetup-temp-allocator-size-audio-worker=65536"
    "memorysetup-temp-allocator-size-cloud-worker=32768"
    "memorysetup-temp-allocator-size-gi-baking-worker=262144"
    "memorysetup-temp-allocator-size-gfx=262144"
Refreshing native plugins compatible for Editor in 72.29 ms, found 5 plugins.
Preloading 0 native plugins for Editor in 0.00 ms.
Initialize engine version: 2021.3.11f1 (0a5ca18544bf)
[Subsystems] Discovering subsystems at path F:/UnityInstalls/2021.3.11f1/Editor/Data/Resources/UnitySubsystems
[Subsystems] Discovering subsystems at path C:/Users/mitch/UnityProjects/carton_turrets/Carton Turrets/Assets
GfxDevice: creating device client; threaded=0; jobified=0
Direct3D:
    Version:  Direct3D 11.0 [level 11.1]
    Renderer: NVIDIA GeForce RTX 2080 (ID=0x1e82)
    Vendor:   NVIDIA
    VRAM:     8002 MB
    Driver:   31.0.15.2698
Initialize mono
Mono path[0] = 'F:/UnityInstalls/2021.3.11f1/Editor/Data/Managed'
Mono path[1] = 'F:/UnityInstalls/2021.3.11f1/Editor/Data/MonoBleedingEdge/lib/mono/unityjit-win32'
Mono config path = 'F:/UnityInstalls/2021.3.11f1/Editor/Data/MonoBleedingEdge/etc'
Using monoOptions --debugger-agent=transport=dt_socket,embedding=1,server=y,suspend=n,address=127.0.0.1:56060
Begin MonoManager ReloadAssembly
Registering precompiled unity dll's ...
Register platform support module: F:/UnityInstalls/2021.3.11f1/Editor/Data/PlaybackEngines/WebGLSupport/UnityEditor.WebGL.Extensions.dll
Register platform support module: F:/UnityInstalls/2021.3.11f1/Editor/Data/PlaybackEngines/MacStandaloneSupport/UnityEditor.OSXStandalone.Extensions.dll
Register platform support module: F:/UnityInstalls/2021.3.11f1/Editor/Data/PlaybackEngines/AndroidPlayer/UnityEditor.Android.Extensions.dll
Register platform support module: F:/UnityInstalls/2021.3.11f1/Editor/Data/PlaybackEngines/iOSSupport/UnityEditor.iOS.Extensions.dll
Register platform support module: F:/UnityInstalls/2021.3.11f1/Editor/Data/PlaybackEngines/WindowsStandaloneSupport/UnityEditor.WindowsStandalone.Extensions.dll
Registered in 0.003437 seconds.
Native extension for WindowsStandalone target not found
[usbmuxd] Start listen thread
[usbmuxd] Listen thread started
Native extension for iOS target not found
Native extension for Android target not found
Native extension for OSXStandalone target not found
Native extension for WebGL target not found
Refreshing native plugins compatible for Editor in 72.04 ms, found 5 plugins.
Preloading 0 native plugins for Editor in 0.00 ms.
Mono: successfully reloaded assembly
- Completed reload, in  0.614 seconds
Domain Reload Profiling:
	ReloadAssembly (614ms)
		BeginReloadAssembly (82ms)
			ExecutionOrderSort (0ms)
			DisableScriptedObjects (0ms)
			BackupInstance (0ms)
			ReleaseScriptingObjects (0ms)
			CreateAndSetChildDomain (1ms)
		EndReloadAssembly (442ms)
			LoadAssemblies (82ms)
			RebuildTransferFunctionScriptingTraits (0ms)
			SetupTypeCache (99ms)
			ReleaseScriptCaches (0ms)
			RebuildScriptCaches (25ms)
			SetupLoadedEditorAssemblies (269ms)
				LogAssemblyErrors (0ms)
				InitializePlatformSupportModulesInManaged (57ms)
				SetLoadedEditorAssemblies (0ms)
				RefreshPlugins (72ms)
				BeforeProcessingInitializeOnLoad (1ms)
				ProcessInitializeOnLoadAttributes (87ms)
				ProcessInitializeOnLoadMethodAttributes (51ms)
				AfterProcessingInitializeOnLoad (0ms)
				EditorAssembliesLoaded (0ms)
			ExecutionOrderSort2 (0ms)
			AwakeInstancesAfterBackupRestoration (0ms)
Platform modules already initialized, skipping
Registering precompiled user dll's ...
Registered in 0.008830 seconds.
Begin MonoManager ReloadAssembly
Native extension for WindowsStandalone target not found
Native extension for iOS target not found
Native extension for Android target not found
Native extension for OSXStandalone target not found
Native extension for WebGL target not found
Refreshing native plugins compatible for Editor in 66.93 ms, found 5 plugins.
Preloading 0 native plugins for Editor in 0.00 ms.
Mono: successfully reloaded assembly
- Completed reload, in  1.311 seconds
Domain Reload Profiling:
	ReloadAssembly (1311ms)
		BeginReloadAssembly (219ms)
			ExecutionOrderSort (0ms)
			DisableScriptedObjects (5ms)
			BackupInstance (0ms)
			ReleaseScriptingObjects (0ms)
			CreateAndSetChildDomain (130ms)
		EndReloadAssembly (1002ms)
			LoadAssemblies (90ms)
			RebuildTransferFunctionScriptingTraits (0ms)
			SetupTypeCache (241ms)
			ReleaseScriptCaches (1ms)
			RebuildScriptCaches (57ms)
			SetupLoadedEditorAssemblies (580ms)
				LogAssemblyErrors (0ms)
				InitializePlatformSupportModulesInManaged (30ms)
				SetLoadedEditorAssemblies (0ms)
				RefreshPlugins (67ms)
				BeforeProcessingInitializeOnLoad (95ms)
				ProcessInitializeOnLoadAttributes (299ms)
				ProcessInitializeOnLoadMethodAttributes (86ms)
				AfterProcessingInitializeOnLoad (2ms)
				EditorAssembliesLoaded (0ms)
			ExecutionOrderSort2 (0ms)
			AwakeInstancesAfterBackupRestoration (5ms)
Platform modules already initialized, skipping
========================================================================
Worker process is ready to serve import requests
Launched and connected shader compiler UnityShaderCompiler.exe after 0.04 seconds
Refreshing native plugins compatible for Editor in 1.21 ms, found 5 plugins.
Preloading 0 native plugins for Editor in 0.00 ms.
Unloading 4439 Unused Serialized files (Serialized files now loaded: 0)
Unloading 45 unused Assets / (0.7 MB). Loaded Objects now: 4905.
Memory consumption went from 198.9 MB to 198.2 MB.
Total: 3.810400 ms (FindLiveObjects: 0.355700 ms CreateObjectMapping: 0.322500 ms MarkObjects: 2.826800 ms  DeleteObjects: 0.303400 ms)

AssetImportParameters requested are different than current active one (requested -> active):
  custom:video-decoder-ogg-theora: a1e56fd34408186e4bbccfd4996cb3dc -> 
  custom:container-muxer-webm: aa71ff27fc2769a1b78a27578f13a17b -> 
  custom:container-demuxer-webm: 4f35f7cbe854078d1ac9338744f61a02 -> 
  custom:video-encoder-webm-vp8: eb34c28f22e8b96e1ab97ce403110664 -> 
  custom:video-codec-MediaFoundation-h265: 746d11721c4dcdbdad8f713fa42b33f4 -> 
  custom:audio-encoder-webm-vorbis: bf7c407c2cedff20999df2af8eb42d56 -> 
  custom:framework-win-MediaFoundation: 216162199b28c13a410421893ffa2e32 -> 
  custom:container-demuxer-ogg: 62fdf1f143b41e24485cea50d1cbac27 -> 
  custom:video-decoder-webm-vp8: 9c59270c3fd7afecdb556c50c9e8de78 -> 
  custom:audio-decoder-ogg-vorbis: bf7c407c2cedff20999df2af8eb42d56 -> 
========================================================================
Received Import Request.
  Time since last request: 2053.492798 seconds.
  path: Assets/Models/Environment/roofMetal_typeA.fbx
  artifactKey: Guid(0c83fbc52b4924d49ac8926844fcb78c) Importer(815301076,1909f56bfc062723c751e8b465ee728b)
Start importing Assets/Models/Environment/roofMetal_typeA.fbx using Guid(0c83fbc52b4924d49ac8926844fcb78c) Importer(815301076,1909f56bfc062723c751e8b465ee728b)  -> (artifact id: '4b29a26ea02c79d6bc00eeadb902bfa2') in 0.303761 seconds 
========================================================================
Received Import Request.
  Time since last request: 0.000046 seconds.
  path: Assets/Models/Turrets/TurretArt.prefab
  artifactKey: Guid(86fb925f2f2a0334185e760fff791112) Importer(815301076,1909f56bfc062723c751e8b465ee728b)
Start importing Assets/Models/Turrets/TurretArt.prefab using Guid(86fb925f2f2a0334185e760fff791112) Importer(815301076,1909f56bfc062723c751e8b465ee728b)  -> (artifact id: '13b07eb5f8824ae060dc157caa7bab6f') in 0.012558 seconds 
========================================================================
Received Import Request.
  Time since last request: 0.000041 seconds.
  path: Assets/Models/Environment/tree_small.fbx
  artifactKey: Guid(58a625fc78813d84d88e8fe87cd7d3f2) Importer(815301076,1909f56bfc062723c751e8b465ee728b)
Start importing Assets/Models/Environment/tree_small.fbx using Guid(58a625fc78813d84d88e8fe87cd7d3f2) Importer(815301076,1909f56bfc062723c751e8b465ee728b)  -> (artifact id: 'eb298e53129d74b7df8651a53ce8ad3c') in 0.022868 seconds 
========================================================================
Received Import Request.
  Time since last request: 0.000030 seconds.
  path: Assets/Models/Environment/bench2.fbx
  artifactKey: Guid(937214946b0ab9747a848f3aa9adb098) Importer(815301076,1909f56bfc062723c751e8b465ee728b)
Start importing Assets/Models/Environment/bench2.fbx using Guid(937214946b0ab9747a848f3aa9adb098) Importer(815301076,1909f56bfc062723c751e8b465ee728b)  -> (artifact id: 'faf9fabf32399591544506d1cb8a4482') in 0.023619 seconds 
========================================================================
Received Import Request.
  Time since last request: 0.000026 seconds.
  path: Assets/Models/Environment/balcony_typeA.fbx
  artifactKey: Guid(6867410ed5f6f094a8b8d31e0ec988c5) Importer(815301076,1909f56bfc062723c751e8b465ee728b)
Start importing Assets/Models/Environment/balcony_typeA.fbx using Guid(6867410ed5f6f094a8b8d31e0ec988c5) Importer(815301076,1909f56bfc062723c751e8b465ee728b)  -> (artifact id: '961edb215a5f5920fe60e4114a9ce655') in 0.024073 seconds 
========================================================================
Received Import Request.
  Time since last request: 0.000024 seconds.
  path: Assets/Models/Environment/roadDirt_pavement.fbx
  artifactKey: Guid(354df9dcfad9d224e9d2d6e6224efb53) Importer(815301076,1909f56bfc062723c751e8b465ee728b)
Start importing Assets/Models/Environment/roadDirt_pavement.fbx using Guid(354df9dcfad9d224e9d2d6e6224efb53) Importer(815301076,1909f56bfc062723c751e8b465ee728b)  -> (artifact id: '538515499787034e5c476b7f85ed1773') in 0.023166 seconds 
========================================================================
Received Import Request.
  Time since last request: 0.000026 seconds.
  path: Assets/Models/Environment/balconyLadder_top.fbx
  artifactKey: Guid(00e9179bf162a8349ad93c7a813c6bbe) Importer(815301076,1909f56bfc062723c751e8b465ee728b)
Start importing Assets/Models/Environment/balconyLadder_top.fbx using Guid(00e9179bf162a8349ad93c7a813c6bbe) Importer(815301076,1909f56bfc062723c751e8b465ee728b)  -> (artifact id: '01e36a565afb8bd8a525563382efb939') in 0.022210 seconds 
========================================================================
Received Import Request.
  Time since last request: 0.000020 seconds.
  path: Assets/Models/Environment/detailBricks_typeA.fbx
  artifactKey: Guid(c084423acb72c7a448cfdc5492013370) Importer(815301076,1909f56bfc062723c751e8b465ee728b)
Start importing Assets/Models/Environment/detailBricks_typeA.fbx using Guid(c084423acb72c7a448cfdc5492013370) Importer(815301076,1909f56bfc062723c751e8b465ee728b)  -> (artifact id: '06568f17522278eae75e50bf19bc0dc5') in 0.023616 seconds 
========================================================================
Received Import Request.
  Time since last request: 0.000024 seconds.
  path: Assets/Models/Environment/treePine_large.fbx
  artifactKey: Guid(2e9bf81a2fc05174180a0f18a1402607) Importer(815301076,1909f56bfc062723c751e8b465ee728b)
Start importing Assets/Models/Environment/treePine_large.fbx using Guid(2e9bf81a2fc05174180a0f18a1402607) Importer(815301076,1909f56bfc062723c751e8b465ee728b)  -> (artifact id: '7486e4d83d478bb4ac9c5b11934b349d') in 0.023197 seconds 
========================================================================
Received Import Request.
  Time since last request: 0.000036 seconds.
  path: Assets/Models/Environment/roadDirt_tile.fbx
  artifactKey: Guid(7986ad597206564428cfe4abdc856b38) Importer(815301076,1909f56bfc062723c751e8b465ee728b)
Start importing Assets/Models/Environment/roadDirt_tile.fbx using Guid(7986ad597206564428cfe4abdc856b38) Importer(815301076,1909f56bfc062723c751e8b465ee728b)  -> (artifact id: 'eaa9a5f05645d95560bfade6b05c2745') in 0.025212 seconds 
========================================================================
Received Import Request.
  Time since last request: 0.000029 seconds.
  path: Assets/Models/Environment/table.fbx
  artifactKey: Guid(69f8c04aad0602641ba12e4cb3f6b8b9) Importer(815301076,1909f56bfc062723c751e8b465ee728b)
Start importing Assets/Models/Environment/table.fbx using Guid(69f8c04aad0602641ba12e4cb3f6b8b9) Importer(815301076,1909f56bfc062723c751e8b465ee728b)  -> (artifact id: 'a681acc232c229d3dfb47916cc290f6e') in 0.021070 seconds 
========================================================================
Received Import Request.
  Time since last request: 0.000031 seconds.
  path: Assets/Models/Environment/rocks.fbx
  artifactKey: Guid(78066cba382d1594ba27ec9a0896a12f) Importer(815301076,1909f56bfc062723c751e8b465ee728b)
Start importing Assets/Models/Environment/rocks.fbx using Guid(78066cba382d1594ba27ec9a0896a12f) Importer(815301076,1909f56bfc062723c751e8b465ee728b)  -> (artifact id: '42a8efac1e0e80707821f2d29e13d18e') in 0.021500 seconds 
========================================================================
Received Import Request.
  Time since last request: 6.123831 seconds.
  path: Assets/Models/Environment
  artifactKey: Guid(8de48ab66b2a23941850106d4c447f0b) Importer(815301076,1909f56bfc062723c751e8b465ee728b)
Start importing Assets/Models/Environment using Guid(8de48ab66b2a23941850106d4c447f0b) Importer(815301076,1909f56bfc062723c751e8b465ee728b)  -> (artifact id: 'a69c58765a65c7b12109cd3d96887dfc') in 0.003988 seconds 
========================================================================
Received Import Request.
  Time since last request: 5.439440 seconds.
  path: Assets/Models/Turrets
  artifactKey: Guid(ed4f321188491c3469a9e415bdd0e35c) Importer(815301076,1909f56bfc062723c751e8b465ee728b)
Start importing Assets/Models/Turrets using Guid(ed4f321188491c3469a9e415bdd0e35c) Importer(815301076,1909f56bfc062723c751e8b465ee728b)  -> (artifact id: 'e1f1acb09becd9e6122709cb97ec15c4') in 0.004417 seconds 
========================================================================
Received Import Request.
  Time since last request: 15.888393 seconds.
  path: Assets/Prefabs/Map Grid Pieces/Park/objParkGridPiece_Fence.prefab
  artifactKey: Guid(58b18405ea712794bb07da841b33709c) Importer(815301076,1909f56bfc062723c751e8b465ee728b)
Start importing Assets/Prefabs/Map Grid Pieces/Park/objParkGridPiece_Fence.prefab using Guid(58b18405ea712794bb07da841b33709c) Importer(815301076,1909f56bfc062723c751e8b465ee728b)  -> (artifact id: '0a12bd4764f2abaefb5b3955799a64a5') in 0.019421 seconds 
========================================================================
Received Import Request.
  Time since last request: 17.168363 seconds.
  path: Assets/Prefabs/ParkEnviornment/barrierBroken.prefab
  artifactKey: Guid(0c113c2397fd3104ca13e30d0f5a4bfe) Importer(815301076,1909f56bfc062723c751e8b465ee728b)
Start importing Assets/Prefabs/ParkEnviornment/barrierBroken.prefab using Guid(0c113c2397fd3104ca13e30d0f5a4bfe) Importer(815301076,1909f56bfc062723c751e8b465ee728b)  -> (artifact id: 'f6dcc3fa8b9c562df69f26a04533fba3') in 0.005848 seconds 
========================================================================
Received Import Request.
  Time since last request: 0.000027 seconds.
  path: Assets/Prefabs/ParkEnviornment/bricks.prefab
  artifactKey: Guid(4d1043ab7a7e95c4fb8c369aac007278) Importer(815301076,1909f56bfc062723c751e8b465ee728b)
Start importing Assets/Prefabs/ParkEnviornment/bricks.prefab using Guid(4d1043ab7a7e95c4fb8c369aac007278) Importer(815301076,1909f56bfc062723c751e8b465ee728b)  -> (artifact id: 'e7b88dfc155b9d6a7d478738de4a8096') in 0.006707 seconds 
