Using pre-set license
Built from '2021.3/staging' branch; Version is '2021.3.11f1 (0a5ca18544bf) revision 679073'; Using compiler version '192829333'; Build Type 'Release'
OS: 'Windows 10  (10.0.19043) 64bit Core' Language: 'en' Physical Memory: 16326 MB
BatchMode: 1, IsHumanControllingUs: 0, StartBugReporterOnCrash: 0, Is64bit: 1, IsPro: 1

COMMAND LINE ARGUMENTS:
F:\UnityInstalls\2021.3.11f1\Editor\Unity.exe
-adb2
-batchMode
-noUpm
-name
AssetImportWorker5
-projectPath
C:/Users/mitch/UnityProjects/carton_turrets/Carton Turrets
-logFile
Logs/AssetImportWorker5.log
-srvPort
58269
Successfully changed project path to: C:/Users/mitch/UnityProjects/carton_turrets/Carton Turrets
C:/Users/mitch/UnityProjects/carton_turrets/Carton Turrets
[UnityMemory] Configuration Parameters - Can be set up in boot.config
    "memorysetup-bucket-allocator-granularity=16"
    "memorysetup-bucket-allocator-bucket-count=8"
    "memorysetup-bucket-allocator-block-size=33554432"
    "memorysetup-bucket-allocator-block-count=8"
    "memorysetup-main-allocator-block-size=16777216"
    "memorysetup-thread-allocator-block-size=16777216"
    "memorysetup-gfx-main-allocator-block-size=16777216"
    "memorysetup-gfx-thread-allocator-block-size=16777216"
    "memorysetup-cache-allocator-block-size=4194304"
    "memorysetup-typetree-allocator-block-size=2097152"
    "memorysetup-profiler-bucket-allocator-granularity=16"
    "memorysetup-profiler-bucket-allocator-bucket-count=8"
    "memorysetup-profiler-bucket-allocator-block-size=33554432"
    "memorysetup-profiler-bucket-allocator-block-count=8"
    "memorysetup-profiler-allocator-block-size=16777216"
    "memorysetup-profiler-editor-allocator-block-size=1048576"
    "memorysetup-temp-allocator-size-main=16777216"
    "memorysetup-job-temp-allocator-block-size=2097152"
    "memorysetup-job-temp-allocator-block-size-background=1048576"
    "memorysetup-job-temp-allocator-reduction-small-platforms=262144"
    "memorysetup-temp-allocator-size-background-worker=32768"
    "memorysetup-temp-allocator-size-job-worker=262144"
    "memorysetup-temp-allocator-size-preload-manager=33554432"
    "memorysetup-temp-allocator-size-nav-mesh-worker=65536"
    "memorysetup-temp-allocator-size-audio-worker=65536"
    "memorysetup-temp-allocator-size-cloud-worker=32768"
    "memorysetup-temp-allocator-size-gi-baking-worker=262144"
    "memorysetup-temp-allocator-size-gfx=262144"
Refreshing native plugins compatible for Editor in 105.23 ms, found 5 plugins.
Preloading 0 native plugins for Editor in 0.00 ms.
Initialize engine version: 2021.3.11f1 (0a5ca18544bf)
[Subsystems] Discovering subsystems at path F:/UnityInstalls/2021.3.11f1/Editor/Data/Resources/UnitySubsystems
[Subsystems] Discovering subsystems at path C:/Users/mitch/UnityProjects/carton_turrets/Carton Turrets/Assets
GfxDevice: creating device client; threaded=0; jobified=0
Direct3D:
    Version:  Direct3D 11.0 [level 11.1]
    Renderer: NVIDIA GeForce RTX 2080 (ID=0x1e82)
    Vendor:   NVIDIA
    VRAM:     8011 MB
    Driver:   31.0.15.2225
Initialize mono
Mono path[0] = 'F:/UnityInstalls/2021.3.11f1/Editor/Data/Managed'
Mono path[1] = 'F:/UnityInstalls/2021.3.11f1/Editor/Data/MonoBleedingEdge/lib/mono/unityjit-win32'
Mono config path = 'F:/UnityInstalls/2021.3.11f1/Editor/Data/MonoBleedingEdge/etc'
Using monoOptions --debugger-agent=transport=dt_socket,embedding=1,server=y,suspend=n,address=127.0.0.1:56372
Begin MonoManager ReloadAssembly
Registering precompiled unity dll's ...
Register platform support module: F:/UnityInstalls/2021.3.11f1/Editor/Data/PlaybackEngines/WebGLSupport/UnityEditor.WebGL.Extensions.dll
Register platform support module: F:/UnityInstalls/2021.3.11f1/Editor/Data/PlaybackEngines/MacStandaloneSupport/UnityEditor.OSXStandalone.Extensions.dll
Register platform support module: F:/UnityInstalls/2021.3.11f1/Editor/Data/PlaybackEngines/AndroidPlayer/UnityEditor.Android.Extensions.dll
Register platform support module: F:/UnityInstalls/2021.3.11f1/Editor/Data/PlaybackEngines/iOSSupport/UnityEditor.iOS.Extensions.dll
Register platform support module: F:/UnityInstalls/2021.3.11f1/Editor/Data/PlaybackEngines/WindowsStandaloneSupport/UnityEditor.WindowsStandalone.Extensions.dll
Registered in 0.005155 seconds.
Native extension for WindowsStandalone target not found
[usbmuxd] Start listen thread
[usbmuxd] Listen thread started
Native extension for iOS target not found
Native extension for Android target not found
Native extension for OSXStandalone target not found
Native extension for WebGL target not found
Refreshing native plugins compatible for Editor in 136.47 ms, found 5 plugins.
Preloading 0 native plugins for Editor in 0.00 ms.
Mono: successfully reloaded assembly
- Completed reload, in  0.920 seconds
Domain Reload Profiling:
	ReloadAssembly (921ms)
		BeginReloadAssembly (141ms)
			ExecutionOrderSort (0ms)
			DisableScriptedObjects (0ms)
			BackupInstance (0ms)
			ReleaseScriptingObjects (0ms)
			CreateAndSetChildDomain (1ms)
		EndReloadAssembly (653ms)
			LoadAssemblies (143ms)
			RebuildTransferFunctionScriptingTraits (0ms)
			SetupTypeCache (136ms)
			ReleaseScriptCaches (0ms)
			RebuildScriptCaches (31ms)
			SetupLoadedEditorAssemblies (425ms)
				LogAssemblyErrors (0ms)
				InitializePlatformSupportModulesInManaged (95ms)
				SetLoadedEditorAssemblies (0ms)
				RefreshPlugins (137ms)
				BeforeProcessingInitializeOnLoad (2ms)
				ProcessInitializeOnLoadAttributes (130ms)
				ProcessInitializeOnLoadMethodAttributes (61ms)
				AfterProcessingInitializeOnLoad (0ms)
				EditorAssembliesLoaded (0ms)
			ExecutionOrderSort2 (0ms)
			AwakeInstancesAfterBackupRestoration (0ms)
Platform modules already initialized, skipping
Registering precompiled user dll's ...
Registered in 0.008813 seconds.
Begin MonoManager ReloadAssembly
Native extension for WindowsStandalone target not found
Native extension for iOS target not found
Native extension for Android target not found
Native extension for OSXStandalone target not found
Native extension for WebGL target not found
Refreshing native plugins compatible for Editor in 92.33 ms, found 5 plugins.
Preloading 0 native plugins for Editor in 0.00 ms.
Mono: successfully reloaded assembly
- Completed reload, in  1.410 seconds
Domain Reload Profiling:
	ReloadAssembly (1411ms)
		BeginReloadAssembly (234ms)
			ExecutionOrderSort (0ms)
			DisableScriptedObjects (5ms)
			BackupInstance (0ms)
			ReleaseScriptingObjects (0ms)
			CreateAndSetChildDomain (132ms)
		EndReloadAssembly (1091ms)
			LoadAssemblies (112ms)
			RebuildTransferFunctionScriptingTraits (0ms)
			SetupTypeCache (247ms)
			ReleaseScriptCaches (1ms)
			RebuildScriptCaches (67ms)
			SetupLoadedEditorAssemblies (640ms)
				LogAssemblyErrors (0ms)
				InitializePlatformSupportModulesInManaged (54ms)
				SetLoadedEditorAssemblies (0ms)
				RefreshPlugins (92ms)
				BeforeProcessingInitializeOnLoad (93ms)
				ProcessInitializeOnLoadAttributes (310ms)
				ProcessInitializeOnLoadMethodAttributes (89ms)
				AfterProcessingInitializeOnLoad (2ms)
				EditorAssembliesLoaded (0ms)
			ExecutionOrderSort2 (0ms)
			AwakeInstancesAfterBackupRestoration (5ms)
Platform modules already initialized, skipping
========================================================================
Worker process is ready to serve import requests
Launched and connected shader compiler UnityShaderCompiler.exe after 0.04 seconds
Refreshing native plugins compatible for Editor in 1.00 ms, found 5 plugins.
Preloading 0 native plugins for Editor in 0.00 ms.
Unloading 4444 Unused Serialized files (Serialized files now loaded: 0)
Unloading 45 unused Assets / (0.7 MB). Loaded Objects now: 4910.
Memory consumption went from 199.8 MB to 199.1 MB.
Total: 3.398400 ms (FindLiveObjects: 0.337000 ms CreateObjectMapping: 0.226000 ms MarkObjects: 2.562400 ms  DeleteObjects: 0.272300 ms)

AssetImportParameters requested are different than current active one (requested -> active):
  custom:video-decoder-ogg-theora: a1e56fd34408186e4bbccfd4996cb3dc -> 
  custom:container-muxer-webm: aa71ff27fc2769a1b78a27578f13a17b -> 
  custom:container-demuxer-webm: 4f35f7cbe854078d1ac9338744f61a02 -> 
  custom:video-encoder-webm-vp8: eb34c28f22e8b96e1ab97ce403110664 -> 
  custom:video-codec-MediaFoundation-h265: 746d11721c4dcdbdad8f713fa42b33f4 -> 
  custom:audio-encoder-webm-vorbis: bf7c407c2cedff20999df2af8eb42d56 -> 
  custom:framework-win-MediaFoundation: 216162199b28c13a410421893ffa2e32 -> 
  custom:container-demuxer-ogg: 62fdf1f143b41e24485cea50d1cbac27 -> 
  custom:video-decoder-webm-vp8: 9c59270c3fd7afecdb556c50c9e8de78 -> 
  custom:audio-decoder-ogg-vorbis: bf7c407c2cedff20999df2af8eb42d56 -> 
========================================================================
Received Import Request.
  Time since last request: 27280.460401 seconds.
  path: Assets/Models/Environment/plantSmall3.fbx
  artifactKey: Guid(76feb7bbd6978824998e6750e3600df7) Importer(815301076,1909f56bfc062723c751e8b465ee728b)
Start importing Assets/Models/Environment/plantSmall3.fbx using Guid(76feb7bbd6978824998e6750e3600df7) Importer(815301076,1909f56bfc062723c751e8b465ee728b)  -> (artifact id: 'e7d933afb15ec4940ba25dd5891cb938') in 0.383882 seconds 
========================================================================
Received Import Request.
  Time since last request: 0.000033 seconds.
  path: Assets/Models/Environment/detailCables_typeB.fbx
  artifactKey: Guid(7b4f4948cdbd47b49be6792619e62a9c) Importer(815301076,1909f56bfc062723c751e8b465ee728b)
Start importing Assets/Models/Environment/detailCables_typeB.fbx using Guid(7b4f4948cdbd47b49be6792619e62a9c) Importer(815301076,1909f56bfc062723c751e8b465ee728b)  -> (artifact id: 'c5b900c4998f0c6c3b6d29fe25b11b50') in 0.038278 seconds 
========================================================================
Received Import Request.
  Time since last request: 0.000054 seconds.
  path: Assets/Materials/PlayerArt.mat
  artifactKey: Guid(9d523a81930620b4180770b53918c67c) Importer(815301076,1909f56bfc062723c751e8b465ee728b)
Start importing Assets/Materials/PlayerArt.mat using Guid(9d523a81930620b4180770b53918c67c) Importer(815301076,1909f56bfc062723c751e8b465ee728b)  -> (artifact id: 'ab377d2a1ea0580ac759e21f20b557cf') in 0.023983 seconds 
========================================================================
Received Import Request.
  Time since last request: 0.000025 seconds.
  path: Assets/Models/Environment/plantSmall2.fbx
  artifactKey: Guid(ac881b47039c9bb4db406df55c12cbd9) Importer(815301076,1909f56bfc062723c751e8b465ee728b)
Start importing Assets/Models/Environment/plantSmall2.fbx using Guid(ac881b47039c9bb4db406df55c12cbd9) Importer(815301076,1909f56bfc062723c751e8b465ee728b)  -> (artifact id: '6a2c8b6b4032ddbdcd52fa8855dc103e') in 0.040338 seconds 
========================================================================
Received Import Request.
  Time since last request: 0.000025 seconds.
  path: Assets/Models/Environment/wallB_flatGarage.fbx
  artifactKey: Guid(45beb048d9634134893cefad8a8d15fa) Importer(815301076,1909f56bfc062723c751e8b465ee728b)
Start importing Assets/Models/Environment/wallB_flatGarage.fbx using Guid(45beb048d9634134893cefad8a8d15fa) Importer(815301076,1909f56bfc062723c751e8b465ee728b)  -> (artifact id: 'a0fe62692d792cbbd1202bcd3dfac72d') in 0.040186 seconds 
========================================================================
Received Import Request.
  Time since last request: 0.000031 seconds.
  path: Assets/Models/Environment/truck_green.fbx
  artifactKey: Guid(4ec88f6bce1a8204fa0066189c69c948) Importer(815301076,1909f56bfc062723c751e8b465ee728b)
Start importing Assets/Models/Environment/truck_green.fbx using Guid(4ec88f6bce1a8204fa0066189c69c948) Importer(815301076,1909f56bfc062723c751e8b465ee728b)  -> (artifact id: 'eb4ba2af28ec466350a245aa62c8f776') in 0.037057 seconds 
========================================================================
Received Import Request.
  Time since last request: 0.000035 seconds.
  path: Assets/Models/Environment/windowWide_typeB.fbx
  artifactKey: Guid(e034d4b16903ae041a2282a67324a717) Importer(815301076,1909f56bfc062723c751e8b465ee728b)
Start importing Assets/Models/Environment/windowWide_typeB.fbx using Guid(e034d4b16903ae041a2282a67324a717) Importer(815301076,1909f56bfc062723c751e8b465ee728b)  -> (artifact id: '752c9bd8d4c22e04aebaa66dacba512b') in 0.047288 seconds 
========================================================================
Received Import Request.
  Time since last request: 0.000024 seconds.
  path: Assets/Materials/Basics/rocketgradient_ADD.mat
  artifactKey: Guid(77821a7e4ac042a4687cd751a9d72e64) Importer(815301076,1909f56bfc062723c751e8b465ee728b)
Start importing Assets/Materials/Basics/rocketgradient_ADD.mat using Guid(77821a7e4ac042a4687cd751a9d72e64) Importer(815301076,1909f56bfc062723c751e8b465ee728b)  -> (artifact id: 'd38a30bdb2bd8f960530e26c29a105e4') in 0.025418 seconds 
========================================================================
Received Import Request.
  Time since last request: 0.000056 seconds.
  path: Assets/Models/Environment/detailLight_double.fbx
  artifactKey: Guid(98b42582a3aaf2d4eb23f2e59a1bc1d5) Importer(815301076,1909f56bfc062723c751e8b465ee728b)
Start importing Assets/Models/Environment/detailLight_double.fbx using Guid(98b42582a3aaf2d4eb23f2e59a1bc1d5) Importer(815301076,1909f56bfc062723c751e8b465ee728b)  -> (artifact id: '0e1d65e8eef73a901072d81423ebcc17') in 0.035158 seconds 
========================================================================
Received Import Request.
  Time since last request: 0.000034 seconds.
  path: Assets/Models/Environment/detailAwning_wide.fbx
  artifactKey: Guid(79d48d4a987715b4d88cee74f368acdc) Importer(815301076,1909f56bfc062723c751e8b465ee728b)
Start importing Assets/Models/Environment/detailAwning_wide.fbx using Guid(79d48d4a987715b4d88cee74f368acdc) Importer(815301076,1909f56bfc062723c751e8b465ee728b)  -> (artifact id: '006c77a5890e802fea3829e3b4f226cc') in 0.034764 seconds 
========================================================================
Received Import Request.
  Time since last request: 0.000022 seconds.
  path: Assets/Materials/metal.mat
  artifactKey: Guid(1767e7fbf3ad4184d8417290f785671a) Importer(815301076,1909f56bfc062723c751e8b465ee728b)
Start importing Assets/Materials/metal.mat using Guid(1767e7fbf3ad4184d8417290f785671a) Importer(815301076,1909f56bfc062723c751e8b465ee728b)  -> (artifact id: 'a955078308255d4be4d501e5a3389c97') in 0.018378 seconds 
========================================================================
Received Import Request.
  Time since last request: 0.000043 seconds.
  path: Assets/GUI PRO Kit - Casual Game/ResourcesData/Particle/Materials/fx_star_s_clear_pruple.mat
  artifactKey: Guid(d569938e5503c4b81bb80488d83b8605) Importer(815301076,1909f56bfc062723c751e8b465ee728b)
Start importing Assets/GUI PRO Kit - Casual Game/ResourcesData/Particle/Materials/fx_star_s_clear_pruple.mat using Guid(d569938e5503c4b81bb80488d83b8605) Importer(815301076,1909f56bfc062723c751e8b465ee728b)  -> (artifact id: 'f188b4ef683910e909232fa29c73a7c2') in 0.046931 seconds 
========================================================================
Received Import Request.
  Time since last request: 0.000023 seconds.
  path: Assets/GUI PRO Kit - Casual Game/ResourcesData/Particle/Materials/fx_star_s_clear_yellow.mat
  artifactKey: Guid(fe1e304ea15d24887bbe097b012a36f3) Importer(815301076,1909f56bfc062723c751e8b465ee728b)
Start importing Assets/GUI PRO Kit - Casual Game/ResourcesData/Particle/Materials/fx_star_s_clear_yellow.mat using Guid(fe1e304ea15d24887bbe097b012a36f3) Importer(815301076,1909f56bfc062723c751e8b465ee728b)  -> (artifact id: 'fb8bb4ec484c3719bd0b83ece2cd7a55') in 0.021738 seconds 
========================================================================
Received Import Request.
  Time since last request: 0.000032 seconds.
  path: Assets/GUI PRO Kit - Casual Game/ResourcesData/Particle/Materials/fx_star_s_blurry_red.mat
  artifactKey: Guid(d1ddab283fbb24f74ae540dae0b3f8fc) Importer(815301076,1909f56bfc062723c751e8b465ee728b)
Start importing Assets/GUI PRO Kit - Casual Game/ResourcesData/Particle/Materials/fx_star_s_blurry_red.mat using Guid(d1ddab283fbb24f74ae540dae0b3f8fc) Importer(815301076,1909f56bfc062723c751e8b465ee728b)  -> (artifact id: '34f224eef90bc3bf3026eaf8e4eaa92a') in 0.022419 seconds 
========================================================================
Received Import Request.
  Time since last request: 0.000021 seconds.
  path: Assets/GUI PRO Kit - Casual Game/ResourcesData/Particle/Materials/fx_star_s_clear_red.mat
  artifactKey: Guid(dfa845a84cda046c08f9c97ea8799e93) Importer(815301076,1909f56bfc062723c751e8b465ee728b)
Start importing Assets/GUI PRO Kit - Casual Game/ResourcesData/Particle/Materials/fx_star_s_clear_red.mat using Guid(dfa845a84cda046c08f9c97ea8799e93) Importer(815301076,1909f56bfc062723c751e8b465ee728b)  -> (artifact id: 'd516adc94c55cf42138c349a1ba35396') in 0.017689 seconds 
========================================================================
Received Import Request.
  Time since last request: 0.000058 seconds.
  path: Assets/GUI PRO Kit - Casual Game/ResourcesData/Particle/Materials/fx_star_s_blurry_white.mat
  artifactKey: Guid(d61cf8cbd344c407f8a59abf4c6192cf) Importer(815301076,1909f56bfc062723c751e8b465ee728b)
Start importing Assets/GUI PRO Kit - Casual Game/ResourcesData/Particle/Materials/fx_star_s_blurry_white.mat using Guid(d61cf8cbd344c407f8a59abf4c6192cf) Importer(815301076,1909f56bfc062723c751e8b465ee728b)  -> (artifact id: 'd9a0d5ba95d683943d4838905cd82624') in 0.020790 seconds 
========================================================================
Received Import Request.
  Time since last request: 0.000035 seconds.
  path: Assets/GUI PRO Kit - Casual Game/ResourcesData/Particle/Materials/fx_star_s_blurry_green.mat
  artifactKey: Guid(8229c9a6b098d4ac388526ef1dd076dd) Importer(815301076,1909f56bfc062723c751e8b465ee728b)
Start importing Assets/GUI PRO Kit - Casual Game/ResourcesData/Particle/Materials/fx_star_s_blurry_green.mat using Guid(8229c9a6b098d4ac388526ef1dd076dd) Importer(815301076,1909f56bfc062723c751e8b465ee728b)  -> (artifact id: '2cd15937600ae1c9928dc14a56bcffb0') in 0.016957 seconds 
========================================================================
Received Import Request.
  Time since last request: 0.000025 seconds.
  path: Assets/Models/Environment/windowSmall_typeB.fbx
  artifactKey: Guid(1facc8bb0a9f75b4aad44e6d5f7114b9) Importer(815301076,1909f56bfc062723c751e8b465ee728b)
Start importing Assets/Models/Environment/windowSmall_typeB.fbx using Guid(1facc8bb0a9f75b4aad44e6d5f7114b9) Importer(815301076,1909f56bfc062723c751e8b465ee728b)  -> (artifact id: '8e084bdc73ca65e13ccc6b8f5858dae1') in 0.035890 seconds 
========================================================================
Received Import Request.
  Time since last request: 0.000024 seconds.
  path: Assets/GUI PRO Kit - Casual Game/ResourcesData/Particle/Materials/fx_Star_l_clear_purple.mat
  artifactKey: Guid(2f5b215f9b06349348d463e6ca989acf) Importer(815301076,1909f56bfc062723c751e8b465ee728b)
Start importing Assets/GUI PRO Kit - Casual Game/ResourcesData/Particle/Materials/fx_Star_l_clear_purple.mat using Guid(2f5b215f9b06349348d463e6ca989acf) Importer(815301076,1909f56bfc062723c751e8b465ee728b)  -> (artifact id: 'b29415c6d2cb44ec885ae07ac20956c4') in 0.020497 seconds 
========================================================================
Received Import Request.
  Time since last request: 0.000024 seconds.
  path: Assets/Models/Environment/lightpostAll.fbx
  artifactKey: Guid(b3068ad393106a142b7b77dff7e81f52) Importer(815301076,1909f56bfc062723c751e8b465ee728b)
Start importing Assets/Models/Environment/lightpostAll.fbx using Guid(b3068ad393106a142b7b77dff7e81f52) Importer(815301076,1909f56bfc062723c751e8b465ee728b)  -> (artifact id: 'e4595bc1943812a59cc1de6d3899477c') in 0.050638 seconds 
========================================================================
Received Prepare
Registering precompiled user dll's ...
Registered in 0.008806 seconds.
Begin MonoManager ReloadAssembly
Native extension for WindowsStandalone target not found
Native extension for iOS target not found
Native extension for Android target not found
Native extension for OSXStandalone target not found
Native extension for WebGL target not found
Refreshing native plugins compatible for Editor in 1.00 ms, found 5 plugins.
Preloading 0 native plugins for Editor in 0.00 ms.
Mono: successfully reloaded assembly
- Completed reload, in  1.159 seconds
Domain Reload Profiling:
	ReloadAssembly (1160ms)
		BeginReloadAssembly (154ms)
			ExecutionOrderSort (0ms)
			DisableScriptedObjects (8ms)
			BackupInstance (0ms)
			ReleaseScriptingObjects (0ms)
			CreateAndSetChildDomain (43ms)
		EndReloadAssembly (916ms)
			LoadAssemblies (99ms)
			RebuildTransferFunctionScriptingTraits (0ms)
			SetupTypeCache (236ms)
			ReleaseScriptCaches (2ms)
			RebuildScriptCaches (55ms)
			SetupLoadedEditorAssemblies (461ms)
				LogAssemblyErrors (0ms)
				InitializePlatformSupportModulesInManaged (28ms)
				SetLoadedEditorAssemblies (0ms)
				RefreshPlugins (1ms)
				BeforeProcessingInitializeOnLoad (74ms)
				ProcessInitializeOnLoadAttributes (279ms)
				ProcessInitializeOnLoadMethodAttributes (75ms)
				AfterProcessingInitializeOnLoad (2ms)
				EditorAssembliesLoaded (0ms)
			ExecutionOrderSort2 (0ms)
			AwakeInstancesAfterBackupRestoration (16ms)
Platform modules already initialized, skipping
Refreshing native plugins compatible for Editor in 3.49 ms, found 5 plugins.
Preloading 0 native plugins for Editor in 0.00 ms.
Unloading 4281 Unused Serialized files (Serialized files now loaded: 0)
Unloading 35 unused Assets / (0.7 MB). Loaded Objects now: 5004.
Memory consumption went from 198.4 MB to 197.7 MB.
Total: 3.796000 ms (FindLiveObjects: 0.290900 ms CreateObjectMapping: 0.165800 ms MarkObjects: 3.043400 ms  DeleteObjects: 0.294900 ms)

AssetImportParameters requested are different than current active one (requested -> active):
  custom:video-decoder-ogg-theora: a1e56fd34408186e4bbccfd4996cb3dc -> 
  custom:container-muxer-webm: aa71ff27fc2769a1b78a27578f13a17b -> 
  custom:container-demuxer-webm: 4f35f7cbe854078d1ac9338744f61a02 -> 
  custom:video-encoder-webm-vp8: eb34c28f22e8b96e1ab97ce403110664 -> 
  custom:video-codec-MediaFoundation-h265: 746d11721c4dcdbdad8f713fa42b33f4 -> 
  custom:audio-encoder-webm-vorbis: bf7c407c2cedff20999df2af8eb42d56 -> 
  custom:framework-win-MediaFoundation: 216162199b28c13a410421893ffa2e32 -> 
  custom:container-demuxer-ogg: 62fdf1f143b41e24485cea50d1cbac27 -> 
  custom:video-decoder-webm-vp8: 9c59270c3fd7afecdb556c50c9e8de78 -> 
  custom:audio-decoder-ogg-vorbis: bf7c407c2cedff20999df2af8eb42d56 -> 
