Using pre-set license
Built from '2021.3/staging' branch; Version is '2021.3.11f1 (0a5ca18544bf) revision 679073'; Using compiler version '192829333'; Build Type 'Release'
OS: 'Windows 10  (10.0.19043) 64bit Core' Language: 'en' Physical Memory: 16326 MB
BatchMode: 1, IsHumanControllingUs: 0, StartBugReporterOnCrash: 0, Is64bit: 1, IsPro: 1

COMMAND LINE ARGUMENTS:
F:\UnityInstalls\2021.3.11f1\Editor\Unity.exe
-adb2
-batchMode
-noUpm
-name
AssetImportWorker4
-projectPath
C:/Users/mitch/UnityProjects/carton_turrets/Carton Turrets
-logFile
Logs/AssetImportWorker4.log
-srvPort
58269
Successfully changed project path to: C:/Users/mitch/UnityProjects/carton_turrets/Carton Turrets
C:/Users/mitch/UnityProjects/carton_turrets/Carton Turrets
[UnityMemory] Configuration Parameters - Can be set up in boot.config
    "memorysetup-bucket-allocator-granularity=16"
    "memorysetup-bucket-allocator-bucket-count=8"
    "memorysetup-bucket-allocator-block-size=33554432"
    "memorysetup-bucket-allocator-block-count=8"
    "memorysetup-main-allocator-block-size=16777216"
    "memorysetup-thread-allocator-block-size=16777216"
    "memorysetup-gfx-main-allocator-block-size=16777216"
    "memorysetup-gfx-thread-allocator-block-size=16777216"
    "memorysetup-cache-allocator-block-size=4194304"
    "memorysetup-typetree-allocator-block-size=2097152"
    "memorysetup-profiler-bucket-allocator-granularity=16"
    "memorysetup-profiler-bucket-allocator-bucket-count=8"
    "memorysetup-profiler-bucket-allocator-block-size=33554432"
    "memorysetup-profiler-bucket-allocator-block-count=8"
    "memorysetup-profiler-allocator-block-size=16777216"
    "memorysetup-profiler-editor-allocator-block-size=1048576"
    "memorysetup-temp-allocator-size-main=16777216"
    "memorysetup-job-temp-allocator-block-size=2097152"
    "memorysetup-job-temp-allocator-block-size-background=1048576"
    "memorysetup-job-temp-allocator-reduction-small-platforms=262144"
    "memorysetup-temp-allocator-size-background-worker=32768"
    "memorysetup-temp-allocator-size-job-worker=262144"
    "memorysetup-temp-allocator-size-preload-manager=33554432"
    "memorysetup-temp-allocator-size-nav-mesh-worker=65536"
    "memorysetup-temp-allocator-size-audio-worker=65536"
    "memorysetup-temp-allocator-size-cloud-worker=32768"
    "memorysetup-temp-allocator-size-gi-baking-worker=262144"
    "memorysetup-temp-allocator-size-gfx=262144"
Refreshing native plugins compatible for Editor in 86.21 ms, found 5 plugins.
Preloading 0 native plugins for Editor in 0.00 ms.
Initialize engine version: 2021.3.11f1 (0a5ca18544bf)
[Subsystems] Discovering subsystems at path F:/UnityInstalls/2021.3.11f1/Editor/Data/Resources/UnitySubsystems
[Subsystems] Discovering subsystems at path C:/Users/mitch/UnityProjects/carton_turrets/Carton Turrets/Assets
GfxDevice: creating device client; threaded=0; jobified=0
Direct3D:
    Version:  Direct3D 11.0 [level 11.1]
    Renderer: NVIDIA GeForce RTX 2080 (ID=0x1e82)
    Vendor:   NVIDIA
    VRAM:     8011 MB
    Driver:   31.0.15.2225
Initialize mono
Mono path[0] = 'F:/UnityInstalls/2021.3.11f1/Editor/Data/Managed'
Mono path[1] = 'F:/UnityInstalls/2021.3.11f1/Editor/Data/MonoBleedingEdge/lib/mono/unityjit-win32'
Mono config path = 'F:/UnityInstalls/2021.3.11f1/Editor/Data/MonoBleedingEdge/etc'
Using monoOptions --debugger-agent=transport=dt_socket,embedding=1,server=y,suspend=n,address=127.0.0.1:56512
Begin MonoManager ReloadAssembly
Registering precompiled unity dll's ...
Register platform support module: F:/UnityInstalls/2021.3.11f1/Editor/Data/PlaybackEngines/WebGLSupport/UnityEditor.WebGL.Extensions.dll
Register platform support module: F:/UnityInstalls/2021.3.11f1/Editor/Data/PlaybackEngines/MacStandaloneSupport/UnityEditor.OSXStandalone.Extensions.dll
Register platform support module: F:/UnityInstalls/2021.3.11f1/Editor/Data/PlaybackEngines/AndroidPlayer/UnityEditor.Android.Extensions.dll
Register platform support module: F:/UnityInstalls/2021.3.11f1/Editor/Data/PlaybackEngines/iOSSupport/UnityEditor.iOS.Extensions.dll
Register platform support module: F:/UnityInstalls/2021.3.11f1/Editor/Data/PlaybackEngines/WindowsStandaloneSupport/UnityEditor.WindowsStandalone.Extensions.dll
Registered in 0.003439 seconds.
Native extension for WindowsStandalone target not found
[usbmuxd] Start listen thread
[usbmuxd] Listen thread started
Native extension for iOS target not found
Native extension for Android target not found
Native extension for OSXStandalone target not found
Native extension for WebGL target not found
Refreshing native plugins compatible for Editor in 81.77 ms, found 5 plugins.
Preloading 0 native plugins for Editor in 0.00 ms.
Mono: successfully reloaded assembly
- Completed reload, in  0.575 seconds
Domain Reload Profiling:
	ReloadAssembly (576ms)
		BeginReloadAssembly (68ms)
			ExecutionOrderSort (0ms)
			DisableScriptedObjects (0ms)
			BackupInstance (0ms)
			ReleaseScriptingObjects (0ms)
			CreateAndSetChildDomain (1ms)
		EndReloadAssembly (423ms)
			LoadAssemblies (68ms)
			RebuildTransferFunctionScriptingTraits (0ms)
			SetupTypeCache (90ms)
			ReleaseScriptCaches (0ms)
			RebuildScriptCaches (25ms)
			SetupLoadedEditorAssemblies (264ms)
				LogAssemblyErrors (0ms)
				InitializePlatformSupportModulesInManaged (55ms)
				SetLoadedEditorAssemblies (0ms)
				RefreshPlugins (82ms)
				BeforeProcessingInitializeOnLoad (1ms)
				ProcessInitializeOnLoadAttributes (87ms)
				ProcessInitializeOnLoadMethodAttributes (38ms)
				AfterProcessingInitializeOnLoad (0ms)
				EditorAssembliesLoaded (0ms)
			ExecutionOrderSort2 (0ms)
			AwakeInstancesAfterBackupRestoration (0ms)
Platform modules already initialized, skipping
Registering precompiled user dll's ...
Registered in 0.007228 seconds.
Begin MonoManager ReloadAssembly
Native extension for WindowsStandalone target not found
Native extension for iOS target not found
Native extension for Android target not found
Native extension for OSXStandalone target not found
Native extension for WebGL target not found
Refreshing native plugins compatible for Editor in 84.39 ms, found 5 plugins.
Preloading 0 native plugins for Editor in 0.00 ms.
Mono: successfully reloaded assembly
- Completed reload, in  1.242 seconds
Domain Reload Profiling:
	ReloadAssembly (1243ms)
		BeginReloadAssembly (210ms)
			ExecutionOrderSort (0ms)
			DisableScriptedObjects (5ms)
			BackupInstance (0ms)
			ReleaseScriptingObjects (0ms)
			CreateAndSetChildDomain (126ms)
		EndReloadAssembly (951ms)
			LoadAssemblies (84ms)
			RebuildTransferFunctionScriptingTraits (0ms)
			SetupTypeCache (212ms)
			ReleaseScriptCaches (1ms)
			RebuildScriptCaches (55ms)
			SetupLoadedEditorAssemblies (566ms)
				LogAssemblyErrors (0ms)
				InitializePlatformSupportModulesInManaged (24ms)
				SetLoadedEditorAssemblies (0ms)
				RefreshPlugins (84ms)
				BeforeProcessingInitializeOnLoad (88ms)
				ProcessInitializeOnLoadAttributes (287ms)
				ProcessInitializeOnLoadMethodAttributes (79ms)
				AfterProcessingInitializeOnLoad (2ms)
				EditorAssembliesLoaded (0ms)
			ExecutionOrderSort2 (0ms)
			AwakeInstancesAfterBackupRestoration (4ms)
Platform modules already initialized, skipping
========================================================================
Worker process is ready to serve import requests
Launched and connected shader compiler UnityShaderCompiler.exe after 0.03 seconds
Refreshing native plugins compatible for Editor in 0.91 ms, found 5 plugins.
Preloading 0 native plugins for Editor in 0.00 ms.
Unloading 4444 Unused Serialized files (Serialized files now loaded: 0)
Unloading 45 unused Assets / (0.7 MB). Loaded Objects now: 4910.
Memory consumption went from 199.8 MB to 199.1 MB.
Total: 3.724300 ms (FindLiveObjects: 0.345600 ms CreateObjectMapping: 0.238000 ms MarkObjects: 2.831600 ms  DeleteObjects: 0.308100 ms)

AssetImportParameters requested are different than current active one (requested -> active):
  custom:video-decoder-ogg-theora: a1e56fd34408186e4bbccfd4996cb3dc -> 
  custom:container-muxer-webm: aa71ff27fc2769a1b78a27578f13a17b -> 
  custom:container-demuxer-webm: 4f35f7cbe854078d1ac9338744f61a02 -> 
  custom:video-encoder-webm-vp8: eb34c28f22e8b96e1ab97ce403110664 -> 
  custom:video-codec-MediaFoundation-h265: 746d11721c4dcdbdad8f713fa42b33f4 -> 
  custom:audio-encoder-webm-vorbis: bf7c407c2cedff20999df2af8eb42d56 -> 
  custom:framework-win-MediaFoundation: 216162199b28c13a410421893ffa2e32 -> 
  custom:container-demuxer-ogg: 62fdf1f143b41e24485cea50d1cbac27 -> 
  custom:video-decoder-webm-vp8: 9c59270c3fd7afecdb556c50c9e8de78 -> 
  custom:audio-decoder-ogg-vorbis: bf7c407c2cedff20999df2af8eb42d56 -> 
========================================================================
Received Import Request.
  Time since last request: 26813.562254 seconds.
  path: Assets/Shaders/UIGlitchShader.mat
  artifactKey: Guid(e368a67d7817c5f488ce0240434158a9) Importer(815301076,1909f56bfc062723c751e8b465ee728b)
Start importing Assets/Shaders/UIGlitchShader.mat using Guid(e368a67d7817c5f488ce0240434158a9) Importer(815301076,1909f56bfc062723c751e8b465ee728b)  -> (artifact id: '09855ea25e5d31bd60d34f75aca349e0') in 0.211216 seconds 
========================================================================
Received Prepare
Registering precompiled user dll's ...
Registered in 0.006899 seconds.
Begin MonoManager ReloadAssembly
Native extension for WindowsStandalone target not found
Native extension for iOS target not found
Native extension for Android target not found
Native extension for OSXStandalone target not found
Native extension for WebGL target not found
Refreshing native plugins compatible for Editor in 1.00 ms, found 5 plugins.
Preloading 0 native plugins for Editor in 0.00 ms.
Mono: successfully reloaded assembly
- Completed reload, in  1.222 seconds
Domain Reload Profiling:
	ReloadAssembly (1222ms)
		BeginReloadAssembly (148ms)
			ExecutionOrderSort (0ms)
			DisableScriptedObjects (8ms)
			BackupInstance (0ms)
			ReleaseScriptingObjects (0ms)
			CreateAndSetChildDomain (41ms)
		EndReloadAssembly (979ms)
			LoadAssemblies (99ms)
			RebuildTransferFunctionScriptingTraits (0ms)
			SetupTypeCache (275ms)
			ReleaseScriptCaches (2ms)
			RebuildScriptCaches (56ms)
			SetupLoadedEditorAssemblies (488ms)
				LogAssemblyErrors (0ms)
				InitializePlatformSupportModulesInManaged (32ms)
				SetLoadedEditorAssemblies (0ms)
				RefreshPlugins (1ms)
				BeforeProcessingInitializeOnLoad (82ms)
				ProcessInitializeOnLoadAttributes (287ms)
				ProcessInitializeOnLoadMethodAttributes (83ms)
				AfterProcessingInitializeOnLoad (2ms)
				EditorAssembliesLoaded (0ms)
			ExecutionOrderSort2 (0ms)
			AwakeInstancesAfterBackupRestoration (12ms)
Platform modules already initialized, skipping
Refreshing native plugins compatible for Editor in 3.32 ms, found 5 plugins.
Preloading 0 native plugins for Editor in 0.00 ms.
Unloading 4281 Unused Serialized files (Serialized files now loaded: 0)
Unloading 35 unused Assets / (0.7 MB). Loaded Objects now: 4999.
Memory consumption went from 198.1 MB to 197.4 MB.
Total: 3.259000 ms (FindLiveObjects: 0.349600 ms CreateObjectMapping: 0.239500 ms MarkObjects: 2.391500 ms  DeleteObjects: 0.277500 ms)

AssetImportParameters requested are different than current active one (requested -> active):
  custom:video-decoder-ogg-theora: a1e56fd34408186e4bbccfd4996cb3dc -> 
  custom:container-muxer-webm: aa71ff27fc2769a1b78a27578f13a17b -> 
  custom:container-demuxer-webm: 4f35f7cbe854078d1ac9338744f61a02 -> 
  custom:video-encoder-webm-vp8: eb34c28f22e8b96e1ab97ce403110664 -> 
  custom:video-codec-MediaFoundation-h265: 746d11721c4dcdbdad8f713fa42b33f4 -> 
  custom:audio-encoder-webm-vorbis: bf7c407c2cedff20999df2af8eb42d56 -> 
  custom:framework-win-MediaFoundation: 216162199b28c13a410421893ffa2e32 -> 
  custom:container-demuxer-ogg: 62fdf1f143b41e24485cea50d1cbac27 -> 
  custom:video-decoder-webm-vp8: 9c59270c3fd7afecdb556c50c9e8de78 -> 
  custom:audio-decoder-ogg-vorbis: bf7c407c2cedff20999df2af8eb42d56 -> 
========================================================================
Received Prepare
Registering precompiled user dll's ...
Registered in 0.006596 seconds.
Begin MonoManager ReloadAssembly
Native extension for WindowsStandalone target not found
Native extension for iOS target not found
Native extension for Android target not found
Native extension for OSXStandalone target not found
Native extension for WebGL target not found
Refreshing native plugins compatible for Editor in 0.99 ms, found 5 plugins.
Preloading 0 native plugins for Editor in 0.00 ms.
Mono: successfully reloaded assembly
- Completed reload, in  1.093 seconds
Domain Reload Profiling:
	ReloadAssembly (1094ms)
		BeginReloadAssembly (132ms)
			ExecutionOrderSort (0ms)
			DisableScriptedObjects (6ms)
			BackupInstance (0ms)
			ReleaseScriptingObjects (0ms)
			CreateAndSetChildDomain (38ms)
		EndReloadAssembly (879ms)
			LoadAssemblies (92ms)
			RebuildTransferFunctionScriptingTraits (0ms)
			SetupTypeCache (214ms)
			ReleaseScriptCaches (2ms)
			RebuildScriptCaches (43ms)
			SetupLoadedEditorAssemblies (464ms)
				LogAssemblyErrors (0ms)
				InitializePlatformSupportModulesInManaged (26ms)
				SetLoadedEditorAssemblies (0ms)
				RefreshPlugins (1ms)
				BeforeProcessingInitializeOnLoad (73ms)
				ProcessInitializeOnLoadAttributes (280ms)
				ProcessInitializeOnLoadMethodAttributes (81ms)
				AfterProcessingInitializeOnLoad (2ms)
				EditorAssembliesLoaded (0ms)
			ExecutionOrderSort2 (0ms)
			AwakeInstancesAfterBackupRestoration (12ms)
Platform modules already initialized, skipping
Refreshing native plugins compatible for Editor in 3.48 ms, found 5 plugins.
Preloading 0 native plugins for Editor in 0.00 ms.
Unloading 4282 Unused Serialized files (Serialized files now loaded: 0)
Unloading 35 unused Assets / (0.7 MB). Loaded Objects now: 5002.
Memory consumption went from 198.1 MB to 197.4 MB.
Total: 3.677300 ms (FindLiveObjects: 0.310100 ms CreateObjectMapping: 0.221000 ms MarkObjects: 2.858000 ms  DeleteObjects: 0.287400 ms)

AssetImportParameters requested are different than current active one (requested -> active):
  custom:video-decoder-ogg-theora: a1e56fd34408186e4bbccfd4996cb3dc -> 
  custom:container-muxer-webm: aa71ff27fc2769a1b78a27578f13a17b -> 
  custom:container-demuxer-webm: 4f35f7cbe854078d1ac9338744f61a02 -> 
  custom:video-encoder-webm-vp8: eb34c28f22e8b96e1ab97ce403110664 -> 
  custom:video-codec-MediaFoundation-h265: 746d11721c4dcdbdad8f713fa42b33f4 -> 
  custom:audio-encoder-webm-vorbis: bf7c407c2cedff20999df2af8eb42d56 -> 
  custom:framework-win-MediaFoundation: 216162199b28c13a410421893ffa2e32 -> 
  custom:container-demuxer-ogg: 62fdf1f143b41e24485cea50d1cbac27 -> 
  custom:video-decoder-webm-vp8: 9c59270c3fd7afecdb556c50c9e8de78 -> 
  custom:audio-decoder-ogg-vorbis: bf7c407c2cedff20999df2af8eb42d56 -> 
========================================================================
Received Prepare
Registering precompiled user dll's ...
Registered in 0.006823 seconds.
Begin MonoManager ReloadAssembly
Native extension for WindowsStandalone target not found
Native extension for iOS target not found
Native extension for Android target not found
Native extension for OSXStandalone target not found
Native extension for WebGL target not found
Refreshing native plugins compatible for Editor in 1.04 ms, found 5 plugins.
Preloading 0 native plugins for Editor in 0.00 ms.
Mono: successfully reloaded assembly
- Completed reload, in  1.110 seconds
Domain Reload Profiling:
	ReloadAssembly (1111ms)
		BeginReloadAssembly (129ms)
			ExecutionOrderSort (0ms)
			DisableScriptedObjects (6ms)
			BackupInstance (0ms)
			ReleaseScriptingObjects (0ms)
			CreateAndSetChildDomain (36ms)
		EndReloadAssembly (900ms)
			LoadAssemblies (90ms)
			RebuildTransferFunctionScriptingTraits (0ms)
			SetupTypeCache (234ms)
			ReleaseScriptCaches (1ms)
			RebuildScriptCaches (47ms)
			SetupLoadedEditorAssemblies (466ms)
				LogAssemblyErrors (0ms)
				InitializePlatformSupportModulesInManaged (26ms)
				SetLoadedEditorAssemblies (0ms)
				RefreshPlugins (1ms)
				BeforeProcessingInitializeOnLoad (71ms)
				ProcessInitializeOnLoadAttributes (275ms)
				ProcessInitializeOnLoadMethodAttributes (89ms)
				AfterProcessingInitializeOnLoad (2ms)
				EditorAssembliesLoaded (0ms)
			ExecutionOrderSort2 (0ms)
			AwakeInstancesAfterBackupRestoration (12ms)
Platform modules already initialized, skipping
Refreshing native plugins compatible for Editor in 4.69 ms, found 5 plugins.
Preloading 0 native plugins for Editor in 0.00 ms.
Unloading 4282 Unused Serialized files (Serialized files now loaded: 0)
Unloading 35 unused Assets / (0.7 MB). Loaded Objects now: 5005.
Memory consumption went from 198.1 MB to 197.4 MB.
Total: 3.727800 ms (FindLiveObjects: 0.334800 ms CreateObjectMapping: 0.226300 ms MarkObjects: 2.842200 ms  DeleteObjects: 0.323500 ms)

AssetImportParameters requested are different than current active one (requested -> active):
  custom:video-decoder-ogg-theora: a1e56fd34408186e4bbccfd4996cb3dc -> 
  custom:container-muxer-webm: aa71ff27fc2769a1b78a27578f13a17b -> 
  custom:container-demuxer-webm: 4f35f7cbe854078d1ac9338744f61a02 -> 
  custom:video-encoder-webm-vp8: eb34c28f22e8b96e1ab97ce403110664 -> 
  custom:video-codec-MediaFoundation-h265: 746d11721c4dcdbdad8f713fa42b33f4 -> 
  custom:audio-encoder-webm-vorbis: bf7c407c2cedff20999df2af8eb42d56 -> 
  custom:framework-win-MediaFoundation: 216162199b28c13a410421893ffa2e32 -> 
  custom:container-demuxer-ogg: 62fdf1f143b41e24485cea50d1cbac27 -> 
  custom:video-decoder-webm-vp8: 9c59270c3fd7afecdb556c50c9e8de78 -> 
  custom:audio-decoder-ogg-vorbis: bf7c407c2cedff20999df2af8eb42d56 -> 
========================================================================
Received Import Request.
  Time since last request: 161.200534 seconds.
  path: Assets/Prefabs/UI/StatItem.prefab
  artifactKey: Guid(88e42480da6844349a06fabe89c0b711) Importer(815301076,1909f56bfc062723c751e8b465ee728b)
Start importing Assets/Prefabs/UI/StatItem.prefab using Guid(88e42480da6844349a06fabe89c0b711) Importer(815301076,1909f56bfc062723c751e8b465ee728b)  -> (artifact id: '96aa68fdd97b8d029a6371d5d2791167') in 0.064011 seconds 
========================================================================
Received Import Request.
  Time since last request: 223.960520 seconds.
  path: Assets/Textures/UI/gold.png
  artifactKey: Guid(48a4054c7fe6962469bab8439743f439) Importer(815301076,1909f56bfc062723c751e8b465ee728b)
Start importing Assets/Textures/UI/gold.png using Guid(48a4054c7fe6962469bab8439743f439) Importer(815301076,1909f56bfc062723c751e8b465ee728b)  -> (artifact id: '6aa46eb331fe3e746a4b175eebe87fd8') in 0.031508 seconds 
========================================================================
Received Import Request.
  Time since last request: 8.442872 seconds.
  path: Assets/Textures/UI/gold.png
  artifactKey: Guid(48a4054c7fe6962469bab8439743f439) Importer(815301076,1909f56bfc062723c751e8b465ee728b)
Start importing Assets/Textures/UI/gold.png using Guid(48a4054c7fe6962469bab8439743f439) Importer(815301076,1909f56bfc062723c751e8b465ee728b)  -> (artifact id: 'b11aa51873f0281028ceb6287ae60657') in 0.008747 seconds 
========================================================================
Received Import Request.
  Time since last request: 2.690476 seconds.
  path: Assets/Textures/UI/gold.png
  artifactKey: Guid(48a4054c7fe6962469bab8439743f439) Importer(815301076,1909f56bfc062723c751e8b465ee728b)
Start importing Assets/Textures/UI/gold.png using Guid(48a4054c7fe6962469bab8439743f439) Importer(815301076,1909f56bfc062723c751e8b465ee728b)  -> (artifact id: 'd4dd95bc03e4b0af110f3d58578d54e9') in 0.035997 seconds 
========================================================================
Received Import Request.
  Time since last request: 37.121046 seconds.
  path: Assets/Models/Environment/wallA_detailPainted.fbx
  artifactKey: Guid(dd48a4b7f2198ab4a8c25b98c7270dad) Importer(815301076,1909f56bfc062723c751e8b465ee728b)
Start importing Assets/Models/Environment/wallA_detailPainted.fbx using Guid(dd48a4b7f2198ab4a8c25b98c7270dad) Importer(815301076,1909f56bfc062723c751e8b465ee728b)  -> (artifact id: '6f8706802e0d297529270b5fc203e991') in 0.417974 seconds 
========================================================================
Received Import Request.
  Time since last request: 0.000043 seconds.
  path: Assets/Models/Environment/wallB_roofDetailed.fbx
  artifactKey: Guid(2b24881742f4d9d4ea3620b61b5787ea) Importer(815301076,1909f56bfc062723c751e8b465ee728b)
Start importing Assets/Models/Environment/wallB_roofDetailed.fbx using Guid(2b24881742f4d9d4ea3620b61b5787ea) Importer(815301076,1909f56bfc062723c751e8b465ee728b)  -> (artifact id: 'e531ec5b0affe5eab8de89ecfd6e43a4') in 0.057786 seconds 
========================================================================
Received Import Request.
  Time since last request: 0.000031 seconds.
  path: Assets/Models/Environment/wallA_flatGarage.fbx
  artifactKey: Guid(94b3073b5128d4b43885c5c5b34cf5fc) Importer(815301076,1909f56bfc062723c751e8b465ee728b)
Start importing Assets/Models/Environment/wallA_flatGarage.fbx using Guid(94b3073b5128d4b43885c5c5b34cf5fc) Importer(815301076,1909f56bfc062723c751e8b465ee728b)  -> (artifact id: 'b7f1656a51e3f987d3a1af181e215113') in 0.051464 seconds 
========================================================================
Received Import Request.
  Time since last request: 0.000029 seconds.
  path: Assets/Plugins/AllIn1VfxToolkit/Demo & Assets/Textures Demo/Font/PoetsenOne-RegularTextures.ttf
  artifactKey: Guid(f963abc8d2ae93a4d90352938c911bfd) Importer(815301076,1909f56bfc062723c751e8b465ee728b)
Start importing Assets/Plugins/AllIn1VfxToolkit/Demo & Assets/Textures Demo/Font/PoetsenOne-RegularTextures.ttf using Guid(f963abc8d2ae93a4d90352938c911bfd) Importer(815301076,1909f56bfc062723c751e8b465ee728b)  -> (artifact id: 'd5b9a248f85e2a80e34e492f271b14b4') in 0.046852 seconds 
========================================================================
Received Import Request.
  Time since last request: 0.000023 seconds.
  path: Assets/Materials/Basics/circle_ADD.mat
  artifactKey: Guid(4bf10d94145fd6c4187c18de0af92e43) Importer(815301076,1909f56bfc062723c751e8b465ee728b)
Start importing Assets/Materials/Basics/circle_ADD.mat using Guid(4bf10d94145fd6c4187c18de0af92e43) Importer(815301076,1909f56bfc062723c751e8b465ee728b)  -> (artifact id: '0b1b87782e7b71d45803d50c33bc6668') in 0.027011 seconds 
========================================================================
Received Import Request.
  Time since last request: 0.000025 seconds.
  path: Assets/Models/Environment/wallA_roofSlant.fbx
  artifactKey: Guid(447dbed07028bfe4e85223c6d8195467) Importer(815301076,1909f56bfc062723c751e8b465ee728b)
Start importing Assets/Models/Environment/wallA_roofSlant.fbx using Guid(447dbed07028bfe4e85223c6d8195467) Importer(815301076,1909f56bfc062723c751e8b465ee728b)  -> (artifact id: 'd4aa662991cf84dabee4fd0fa7d96eae') in 0.060277 seconds 
========================================================================
Received Import Request.
  Time since last request: 0.000023 seconds.
  path: Assets/Models/Environment/wallA_roofDetailed.fbx
  artifactKey: Guid(75c4b8b2b79024b4ead4bd637cf58fe5) Importer(815301076,1909f56bfc062723c751e8b465ee728b)
Start importing Assets/Models/Environment/wallA_roofDetailed.fbx using Guid(75c4b8b2b79024b4ead4bd637cf58fe5) Importer(815301076,1909f56bfc062723c751e8b465ee728b)  -> (artifact id: '9def8d8924bc8eaf3923322c50f1bc9c') in 0.077329 seconds 
========================================================================
Received Import Request.
  Time since last request: 0.000031 seconds.
  path: Assets/Models/Environment/wallA_painted.fbx
  artifactKey: Guid(6dc5a5592e4ae1943aa2e722348cfeda) Importer(815301076,1909f56bfc062723c751e8b465ee728b)
Start importing Assets/Models/Environment/wallA_painted.fbx using Guid(6dc5a5592e4ae1943aa2e722348cfeda) Importer(815301076,1909f56bfc062723c751e8b465ee728b)  -> (artifact id: 'bd58a2862bfda9753c5918b360a3f970') in 0.041275 seconds 
========================================================================
Received Import Request.
  Time since last request: 0.000024 seconds.
  path: Assets/Materials/Basics/cloud_2x2_soft_AB.mat
  artifactKey: Guid(719f8d52fe2e6b444b41c2f7a8fe587b) Importer(815301076,1909f56bfc062723c751e8b465ee728b)
Start importing Assets/Materials/Basics/cloud_2x2_soft_AB.mat using Guid(719f8d52fe2e6b444b41c2f7a8fe587b) Importer(815301076,1909f56bfc062723c751e8b465ee728b)  -> (artifact id: 'c0d8d6ca0aa714c09177bce0a34589bd') in 0.030295 seconds 
========================================================================
Received Import Request.
  Time since last request: 0.000037 seconds.
  path: Assets/Materials/Basics/circle_sharp_AB.mat
  artifactKey: Guid(b58c3fd50bae96e45a6724463dbbd64c) Importer(815301076,1909f56bfc062723c751e8b465ee728b)
Start importing Assets/Materials/Basics/circle_sharp_AB.mat using Guid(b58c3fd50bae96e45a6724463dbbd64c) Importer(815301076,1909f56bfc062723c751e8b465ee728b)  -> (artifact id: '2324884b3f4ef75bcd2ee1f429db9286') in 0.024305 seconds 
========================================================================
Received Import Request.
  Time since last request: 0.000020 seconds.
  path: Assets/Models/Environment/wallA_cornerPainted.fbx
  artifactKey: Guid(84ae14b4abfefc5439a3ce06e0ebdf90) Importer(815301076,1909f56bfc062723c751e8b465ee728b)
Start importing Assets/Models/Environment/wallA_cornerPainted.fbx using Guid(84ae14b4abfefc5439a3ce06e0ebdf90) Importer(815301076,1909f56bfc062723c751e8b465ee728b)  -> (artifact id: '4afc324096f3f2ba589ac173bf06b3c8') in 0.048767 seconds 
========================================================================
Received Import Request.
  Time since last request: 0.000022 seconds.
  path: Assets/GUI PRO Kit - Casual Game/ResourcesData/Particle/Materials/fx_Star_l_blurry_purple.mat
  artifactKey: Guid(92e48a67f552644bcb3565cdeb56b23d) Importer(815301076,1909f56bfc062723c751e8b465ee728b)
Start importing Assets/GUI PRO Kit - Casual Game/ResourcesData/Particle/Materials/fx_Star_l_blurry_purple.mat using Guid(92e48a67f552644bcb3565cdeb56b23d) Importer(815301076,1909f56bfc062723c751e8b465ee728b)  -> (artifact id: '4cbbb480198fd9a86a1d6b0cc935ceee') in 0.041070 seconds 
========================================================================
Received Import Request.
  Time since last request: 0.000026 seconds.
  path: Assets/GUI PRO Kit - Casual Game/ResourcesData/Particle/Materials/fx_circle_glow03.mat
  artifactKey: Guid(43fb3184e004b4a628b7ac3c39a4fcf3) Importer(815301076,1909f56bfc062723c751e8b465ee728b)
Start importing Assets/GUI PRO Kit - Casual Game/ResourcesData/Particle/Materials/fx_circle_glow03.mat using Guid(43fb3184e004b4a628b7ac3c39a4fcf3) Importer(815301076,1909f56bfc062723c751e8b465ee728b)  -> (artifact id: '779e629b95dabd011b151fa15ab1ebf3') in 0.022112 seconds 
========================================================================
Received Import Request.
  Time since last request: 0.000032 seconds.
  path: Assets/Models/Environment/wallB.fbx
  artifactKey: Guid(e0239e85c19462b46809ed70e71afb1c) Importer(815301076,1909f56bfc062723c751e8b465ee728b)
Start importing Assets/Models/Environment/wallB.fbx using Guid(e0239e85c19462b46809ed70e71afb1c) Importer(815301076,1909f56bfc062723c751e8b465ee728b)  -> (artifact id: '64d7a5815568613d59b0cb819794a1c2') in 0.036372 seconds 
========================================================================
Received Import Request.
  Time since last request: 0.000041 seconds.
  path: Assets/Models/Environment/door_typeA.fbx
  artifactKey: Guid(3850eee01d1e16c47a1da5b7d21d84fe) Importer(815301076,1909f56bfc062723c751e8b465ee728b)
Start importing Assets/Models/Environment/door_typeA.fbx using Guid(3850eee01d1e16c47a1da5b7d21d84fe) Importer(815301076,1909f56bfc062723c751e8b465ee728b)  -> (artifact id: 'cdf5fb25be819dbb60496833edd64136') in 0.041003 seconds 
========================================================================
Received Import Request.
  Time since last request: 0.000022 seconds.
  path: Assets/Materials/Misc/Fire/fire_3x6_ADD.mat
  artifactKey: Guid(bb2dd1abd6ac09b45a5db1e4ca1233de) Importer(815301076,1909f56bfc062723c751e8b465ee728b)
Start importing Assets/Materials/Misc/Fire/fire_3x6_ADD.mat using Guid(bb2dd1abd6ac09b45a5db1e4ca1233de) Importer(815301076,1909f56bfc062723c751e8b465ee728b)  -> (artifact id: '4824061d884853ece7179280882f8511') in 0.048377 seconds 
========================================================================
Received Import Request.
  Time since last request: 0.000040 seconds.
  path: Assets/Models/Environment/roadDirt_pavement.fbx
  artifactKey: Guid(354df9dcfad9d224e9d2d6e6224efb53) Importer(815301076,1909f56bfc062723c751e8b465ee728b)
Start importing Assets/Models/Environment/roadDirt_pavement.fbx using Guid(354df9dcfad9d224e9d2d6e6224efb53) Importer(815301076,1909f56bfc062723c751e8b465ee728b)  -> (artifact id: '538515499787034e5c476b7f85ed1773') in 0.041214 seconds 
========================================================================
Received Import Request.
  Time since last request: 0.000030 seconds.
  path: Assets/GUI PRO Kit - Casual Game/ResourcesData/Fonts/LilitaOne-Regular.ttf
  artifactKey: Guid(c16eb7d7c3953489db00312b8b09df4b) Importer(815301076,1909f56bfc062723c751e8b465ee728b)
Start importing Assets/GUI PRO Kit - Casual Game/ResourcesData/Fonts/LilitaOne-Regular.ttf using Guid(c16eb7d7c3953489db00312b8b09df4b) Importer(815301076,1909f56bfc062723c751e8b465ee728b)  -> (artifact id: 'c541d0a30da8c236e9dd2bd39400463e') in 0.030968 seconds 
========================================================================
Received Import Request.
  Time since last request: 0.000049 seconds.
  path: Assets/Models/Environment/wallFence.fbx
  artifactKey: Guid(ab25d7f500b0a394aab81f0647d40a1f) Importer(815301076,1909f56bfc062723c751e8b465ee728b)
Start importing Assets/Models/Environment/wallFence.fbx using Guid(ab25d7f500b0a394aab81f0647d40a1f) Importer(815301076,1909f56bfc062723c751e8b465ee728b)  -> (artifact id: '7a82e4caa6eadb1e8025e4bca63d8dc6') in 0.055816 seconds 
========================================================================
Received Import Request.
  Time since last request: 0.000041 seconds.
  path: Assets/Models/Environment/wallB_door.fbx
  artifactKey: Guid(2bbfb3153c871f24ca3fd59012efe146) Importer(815301076,1909f56bfc062723c751e8b465ee728b)
Start importing Assets/Models/Environment/wallB_door.fbx using Guid(2bbfb3153c871f24ca3fd59012efe146) Importer(815301076,1909f56bfc062723c751e8b465ee728b)  -> (artifact id: '6d3e7455bcd372a3fa92edb8d0a563ba') in 0.058027 seconds 
========================================================================
Received Import Request.
  Time since last request: 0.000024 seconds.
  path: Assets/Models/Environment/roadDirt_damaged.fbx
  artifactKey: Guid(9fd4d753272f8d042a9d9f80c2abaeb0) Importer(815301076,1909f56bfc062723c751e8b465ee728b)
Start importing Assets/Models/Environment/roadDirt_damaged.fbx using Guid(9fd4d753272f8d042a9d9f80c2abaeb0) Importer(815301076,1909f56bfc062723c751e8b465ee728b)  -> (artifact id: 'aa81d81a5cbcf27610438e1d56a67caa') in 0.050068 seconds 
========================================================================
Received Import Request.
  Time since last request: 0.000053 seconds.
  path: Assets/Models/Environment/roadDirt_corner.fbx
  artifactKey: Guid(2e0b734839002e94b9c4dd69ee500269) Importer(815301076,1909f56bfc062723c751e8b465ee728b)
Start importing Assets/Models/Environment/roadDirt_corner.fbx using Guid(2e0b734839002e94b9c4dd69ee500269) Importer(815301076,1909f56bfc062723c751e8b465ee728b)  -> (artifact id: '1277fdbd49f8fb552ee2151e25339b97') in 0.045182 seconds 
========================================================================
Received Import Request.
  Time since last request: 0.000042 seconds.
  path: Assets/GUI PRO Kit - Casual Game/ResourcesData/Particle/Materials/fx_circle_line01.mat
  artifactKey: Guid(0522b0239aa6e4ada96c4c958215059f) Importer(815301076,1909f56bfc062723c751e8b465ee728b)
Start importing Assets/GUI PRO Kit - Casual Game/ResourcesData/Particle/Materials/fx_circle_line01.mat using Guid(0522b0239aa6e4ada96c4c958215059f) Importer(815301076,1909f56bfc062723c751e8b465ee728b)  -> (artifact id: 'dc75d56410f6410beb2172ebdc0edd77') in 0.025668 seconds 
========================================================================
Received Import Request.
  Time since last request: 0.000029 seconds.
  path: Assets/Plugins/AllIn1SpriteShader/Materials/EmptyMaterial.mat
  artifactKey: Guid(cc460e5b1c6c0bd498b44195a0c3da99) Importer(815301076,1909f56bfc062723c751e8b465ee728b)
Start importing Assets/Plugins/AllIn1SpriteShader/Materials/EmptyMaterial.mat using Guid(cc460e5b1c6c0bd498b44195a0c3da99) Importer(815301076,1909f56bfc062723c751e8b465ee728b)  -> (artifact id: '18b4bb4d33b973f1b67fd553e0b521b4') in 0.022087 seconds 
========================================================================
Received Import Request.
  Time since last request: 0.000047 seconds.
  path: Assets/Models/Environment/roadDirt_side.fbx
  artifactKey: Guid(6cadcee66c3dac84bb8f0ac7e3c346db) Importer(815301076,1909f56bfc062723c751e8b465ee728b)
Start importing Assets/Models/Environment/roadDirt_side.fbx using Guid(6cadcee66c3dac84bb8f0ac7e3c346db) Importer(815301076,1909f56bfc062723c751e8b465ee728b)  -> (artifact id: '67e6abbe297f04c6a834f23909e5a0fc') in 0.035985 seconds 
========================================================================
Received Import Request.
  Time since last request: 0.000036 seconds.
  path: Assets/Models/Environment/roadAsphalt_cornerInner.fbx
  artifactKey: Guid(656b05b50bf80084ebf9cfac3c665361) Importer(815301076,1909f56bfc062723c751e8b465ee728b)
Start importing Assets/Models/Environment/roadAsphalt_cornerInner.fbx using Guid(656b05b50bf80084ebf9cfac3c665361) Importer(815301076,1909f56bfc062723c751e8b465ee728b)  -> (artifact id: '7ff6051b1f938a61b284c4e734d01878') in 0.040760 seconds 
========================================================================
Received Import Request.
  Time since last request: 0.000029 seconds.
  path: Assets/Models/Environment/roadDirt_straight.fbx
  artifactKey: Guid(c5766914d741d2d4fb51c7f7ae3de155) Importer(815301076,1909f56bfc062723c751e8b465ee728b)
Start importing Assets/Models/Environment/roadDirt_straight.fbx using Guid(c5766914d741d2d4fb51c7f7ae3de155) Importer(815301076,1909f56bfc062723c751e8b465ee728b)  -> (artifact id: 'e2f9b261040844604b39ebe95ae730cb') in 0.040601 seconds 
========================================================================
Received Import Request.
  Time since last request: 0.000023 seconds.
  path: Assets/Plugins/AllIn1VfxToolkit/MaterialSaves/DefaultVfxMat.mat
  artifactKey: Guid(67b1a1bbfde168643aa8109733797e4e) Importer(815301076,1909f56bfc062723c751e8b465ee728b)
Start importing Assets/Plugins/AllIn1VfxToolkit/MaterialSaves/DefaultVfxMat.mat using Guid(67b1a1bbfde168643aa8109733797e4e) Importer(815301076,1909f56bfc062723c751e8b465ee728b)  -> (artifact id: 'a8f55e9f33cc9d1282bbc964c64f0c32') in 0.017015 seconds 
========================================================================
Received Import Request.
  Time since last request: 0.000053 seconds.
  path: Assets/Models/Environment/wallB_roofSlant.fbx
  artifactKey: Guid(7a9c020827bd16648b316829dcac178d) Importer(815301076,1909f56bfc062723c751e8b465ee728b)
Start importing Assets/Models/Environment/wallB_roofSlant.fbx using Guid(7a9c020827bd16648b316829dcac178d) Importer(815301076,1909f56bfc062723c751e8b465ee728b)  -> (artifact id: 'bf1e607c83e0ca5f1418c370edab038a') in 0.041875 seconds 
========================================================================
Received Import Request.
  Time since last request: 0.000028 seconds.
  path: Assets/Models/Environment/wallA_corner.fbx
  artifactKey: Guid(a701966ef3c5df041a4b02d3f01ef223) Importer(815301076,1909f56bfc062723c751e8b465ee728b)
Start importing Assets/Models/Environment/wallA_corner.fbx using Guid(a701966ef3c5df041a4b02d3f01ef223) Importer(815301076,1909f56bfc062723c751e8b465ee728b)  -> (artifact id: '24738ec074d82782f9c5bc3cf5ca94a8') in 0.039465 seconds 
========================================================================
Received Import Request.
  Time since last request: 0.000032 seconds.
  path: Assets/Models/Environment/balconyLadder_bottom.fbx
  artifactKey: Guid(264230be6d3dd96488e86398e93b13a4) Importer(815301076,1909f56bfc062723c751e8b465ee728b)
Start importing Assets/Models/Environment/balconyLadder_bottom.fbx using Guid(264230be6d3dd96488e86398e93b13a4) Importer(815301076,1909f56bfc062723c751e8b465ee728b)  -> (artifact id: '6d03b4e20b7138651959abc1dfcfc3e4') in 0.036971 seconds 
========================================================================
Received Import Request.
  Time since last request: 0.000032 seconds.
  path: Assets/GUI PRO Kit - Casual Game/ResourcesData/Particle/Materials/fx_Star_l_blurry_white.mat
  artifactKey: Guid(d84e336ce4f8a417cb315c306976c4da) Importer(815301076,1909f56bfc062723c751e8b465ee728b)
Start importing Assets/GUI PRO Kit - Casual Game/ResourcesData/Particle/Materials/fx_Star_l_blurry_white.mat using Guid(d84e336ce4f8a417cb315c306976c4da) Importer(815301076,1909f56bfc062723c751e8b465ee728b)  -> (artifact id: '7fc9db52ea0605a0191149479d79bf96') in 0.025683 seconds 
========================================================================
Received Import Request.
  Time since last request: 0.000029 seconds.
  path: Assets/GUI PRO Kit - Casual Game/ResourcesData/Particle/Materials/fx_circle_glow01.mat
  artifactKey: Guid(43ac6238438b34784b2c658e59e96fce) Importer(815301076,1909f56bfc062723c751e8b465ee728b)
Start importing Assets/GUI PRO Kit - Casual Game/ResourcesData/Particle/Materials/fx_circle_glow01.mat using Guid(43ac6238438b34784b2c658e59e96fce) Importer(815301076,1909f56bfc062723c751e8b465ee728b)  -> (artifact id: '26f6fe91256eca87d69d7755b675c261') in 0.024964 seconds 
========================================================================
Received Import Request.
  Time since last request: 0.000029 seconds.
  path: Assets/Models/Environment/wallBroken_typeB.fbx
  artifactKey: Guid(f4e8b09af0f9203489162ab7d389dd3e) Importer(815301076,1909f56bfc062723c751e8b465ee728b)
Start importing Assets/Models/Environment/wallBroken_typeB.fbx using Guid(f4e8b09af0f9203489162ab7d389dd3e) Importer(815301076,1909f56bfc062723c751e8b465ee728b)  -> (artifact id: '6b5d0df1a9e1dd7b428d29a83b66daa5') in 0.044731 seconds 
========================================================================
Received Import Request.
  Time since last request: 0.000037 seconds.
  path: Assets/Models/Environment/roadAsphalt_pavement.fbx
  artifactKey: Guid(af6f38cd0925d4a429ccaf5452e75523) Importer(815301076,1909f56bfc062723c751e8b465ee728b)
Start importing Assets/Models/Environment/roadAsphalt_pavement.fbx using Guid(af6f38cd0925d4a429ccaf5452e75523) Importer(815301076,1909f56bfc062723c751e8b465ee728b)  -> (artifact id: 'a2410e5a91717d0feb68e0d27d6a6077') in 0.038336 seconds 
========================================================================
Received Import Request.
  Time since last request: 0.000027 seconds.
  path: Assets/Models/Environment/wallBroken_typeA.fbx
  artifactKey: Guid(5f75e014c6464b546801729f320d042f) Importer(815301076,1909f56bfc062723c751e8b465ee728b)
Start importing Assets/Models/Environment/wallBroken_typeA.fbx using Guid(5f75e014c6464b546801729f320d042f) Importer(815301076,1909f56bfc062723c751e8b465ee728b)  -> (artifact id: '17a3559d6f07f056be5b140703a20e11') in 0.038214 seconds 
========================================================================
Received Import Request.
  Time since last request: 0.000048 seconds.
  path: Assets/Models/Environment/detailDumpster_open.fbx
  artifactKey: Guid(a1736731e8ce2ff498c2007d3f99909e) Importer(815301076,1909f56bfc062723c751e8b465ee728b)
Start importing Assets/Models/Environment/detailDumpster_open.fbx using Guid(a1736731e8ce2ff498c2007d3f99909e) Importer(815301076,1909f56bfc062723c751e8b465ee728b)  -> (artifact id: 'bafa4dff6d9e0830488aa0a0879edae9') in 0.050451 seconds 
========================================================================
Received Import Request.
  Time since last request: 0.000024 seconds.
  path: Assets/Models/Environment/roadAsphalt_straight.fbx
  artifactKey: Guid(75702744de692404b8e89fcd668aa6dd) Importer(815301076,1909f56bfc062723c751e8b465ee728b)
Start importing Assets/Models/Environment/roadAsphalt_straight.fbx using Guid(75702744de692404b8e89fcd668aa6dd) Importer(815301076,1909f56bfc062723c751e8b465ee728b)  -> (artifact id: 'bc05813bead46de43bafbba4aa7bd5da') in 0.035821 seconds 
========================================================================
Received Import Request.
  Time since last request: 0.000027 seconds.
  path: Assets/Models/Environment/roofMetal_typeB.fbx
  artifactKey: Guid(8320d5c0bfb31a74a9bf79921c47d906) Importer(815301076,1909f56bfc062723c751e8b465ee728b)
Start importing Assets/Models/Environment/roofMetal_typeB.fbx using Guid(8320d5c0bfb31a74a9bf79921c47d906) Importer(815301076,1909f56bfc062723c751e8b465ee728b)  -> (artifact id: 'f77f65effccd552514e4f0dcbc21c43b') in 0.045483 seconds 
========================================================================
Received Import Request.
  Time since last request: 0.000027 seconds.
  path: Assets/Models/Environment/roadAsphalt_cornerOuter.fbx
  artifactKey: Guid(04aafa316d7191747aec22096ec7d032) Importer(815301076,1909f56bfc062723c751e8b465ee728b)
Start importing Assets/Models/Environment/roadAsphalt_cornerOuter.fbx using Guid(04aafa316d7191747aec22096ec7d032) Importer(815301076,1909f56bfc062723c751e8b465ee728b)  -> (artifact id: '4c45ab1c7e7a47f33248d108697b23d5') in 0.037809 seconds 
========================================================================
Received Import Request.
  Time since last request: 0.000036 seconds.
  path: Assets/Models/Environment/roadAsphalt_side.fbx
  artifactKey: Guid(20322477797365345b02b634926b5019) Importer(815301076,1909f56bfc062723c751e8b465ee728b)
Start importing Assets/Models/Environment/roadAsphalt_side.fbx using Guid(20322477797365345b02b634926b5019) Importer(815301076,1909f56bfc062723c751e8b465ee728b)  -> (artifact id: 'fac1ccffd55513f98100a69e2bc40acd') in 0.036543 seconds 
========================================================================
Received Import Request.
  Time since last request: 0.000033 seconds.
  path: Assets/Models/Environment/wallSteps_typeB.fbx
  artifactKey: Guid(03ac9de72951a0b4eb5258b5b2da8e52) Importer(815301076,1909f56bfc062723c751e8b465ee728b)
Start importing Assets/Models/Environment/wallSteps_typeB.fbx using Guid(03ac9de72951a0b4eb5258b5b2da8e52) Importer(815301076,1909f56bfc062723c751e8b465ee728b)  -> (artifact id: '841b7de9e8bc27134a010844093a6d7a') in 0.035853 seconds 
========================================================================
Received Import Request.
  Time since last request: 0.000027 seconds.
  path: Assets/Materials/Misc/Fire/fire_soft_spiky_ADD.mat
  artifactKey: Guid(bf1b592120e918a4ba25f3c5150ed3a0) Importer(815301076,1909f56bfc062723c751e8b465ee728b)
Start importing Assets/Materials/Misc/Fire/fire_soft_spiky_ADD.mat using Guid(bf1b592120e918a4ba25f3c5150ed3a0) Importer(815301076,1909f56bfc062723c751e8b465ee728b)  -> (artifact id: '35ed2226e333a4388d4b466e690abb51') in 0.024717 seconds 
========================================================================
Received Import Request.
  Time since last request: 0.000043 seconds.
  path: Assets/GUI PRO Kit - Casual Game/ResourcesData/Particle/Materials/fx_light01.mat
  artifactKey: Guid(d1b3f2ac448c24cc4b18d526e5b2aa18) Importer(815301076,1909f56bfc062723c751e8b465ee728b)
Start importing Assets/GUI PRO Kit - Casual Game/ResourcesData/Particle/Materials/fx_light01.mat using Guid(d1b3f2ac448c24cc4b18d526e5b2aa18) Importer(815301076,1909f56bfc062723c751e8b465ee728b)  -> (artifact id: 'dd5d204add95a75994b924bb430ede19') in 0.020545 seconds 
========================================================================
Received Import Request.
  Time since last request: 0.000030 seconds.
  path: Assets/Models/Environment/wallA.fbx
  artifactKey: Guid(0a0a65a0953cf404fb176d99b8530fc0) Importer(815301076,1909f56bfc062723c751e8b465ee728b)
Start importing Assets/Models/Environment/wallA.fbx using Guid(0a0a65a0953cf404fb176d99b8530fc0) Importer(815301076,1909f56bfc062723c751e8b465ee728b)  -> (artifact id: '9d212b163f2e2b71f7fda5ed4cbb0395') in 0.037054 seconds 
========================================================================
Received Import Request.
  Time since last request: 0.000025 seconds.
  path: Assets/GUI PRO Kit - Casual Game/ResourcesData/Particle/Materials/fx_circle_glow02.mat
  artifactKey: Guid(331c5437370034c75b0d36c940e03669) Importer(815301076,1909f56bfc062723c751e8b465ee728b)
Start importing Assets/GUI PRO Kit - Casual Game/ResourcesData/Particle/Materials/fx_circle_glow02.mat using Guid(331c5437370034c75b0d36c940e03669) Importer(815301076,1909f56bfc062723c751e8b465ee728b)  -> (artifact id: 'b78bfea057318b8e3148683f8a95aba9') in 0.024363 seconds 
========================================================================
Received Import Request.
  Time since last request: 0.841232 seconds.
  path: Assets/GUI PRO Kit - Casual Game/ResourcesData/Shader & Materials/UIAdditive.mat
  artifactKey: Guid(728fa64fe6dd24aa5ae13b1da2514961) Importer(815301076,1909f56bfc062723c751e8b465ee728b)
Start importing Assets/GUI PRO Kit - Casual Game/ResourcesData/Shader & Materials/UIAdditive.mat using Guid(728fa64fe6dd24aa5ae13b1da2514961) Importer(815301076,1909f56bfc062723c751e8b465ee728b)  -> (artifact id: 'a21f2033e423a2e70154c82bd12a9986') in 0.029800 seconds 
========================================================================
Received Import Request.
  Time since last request: 29.645906 seconds.
  path: Assets/Models/Environment/trashcan.fbx
  artifactKey: Guid(d44ef3dec335abc48bdbcff4e038a275) Importer(815301076,1909f56bfc062723c751e8b465ee728b)
Start importing Assets/Models/Environment/trashcan.fbx using Guid(d44ef3dec335abc48bdbcff4e038a275) Importer(815301076,1909f56bfc062723c751e8b465ee728b)  -> (artifact id: '957030d59f9286e5148136498bc7b4d7') in 0.067865 seconds 
========================================================================
Received Import Request.
  Time since last request: 0.000027 seconds.
  path: Assets/Models/Environment/wallB_flat.fbx
  artifactKey: Guid(0d8668b91e2c4b04ba4298a81aece565) Importer(815301076,1909f56bfc062723c751e8b465ee728b)
Start importing Assets/Models/Environment/wallB_flat.fbx using Guid(0d8668b91e2c4b04ba4298a81aece565) Importer(815301076,1909f56bfc062723c751e8b465ee728b)  -> (artifact id: '37d9577b1e49fdf0ab088d7e54aab8e1') in 0.046414 seconds 
========================================================================
Received Import Request.
  Time since last request: 0.000029 seconds.
  path: Assets/Models/Environment/tree_shrub.fbx
  artifactKey: Guid(525b50d3385627d4eac6d375db5e8588) Importer(815301076,1909f56bfc062723c751e8b465ee728b)
Start importing Assets/Models/Environment/tree_shrub.fbx using Guid(525b50d3385627d4eac6d375db5e8588) Importer(815301076,1909f56bfc062723c751e8b465ee728b)  -> (artifact id: '34abe74e2cbf9e54b61c95a0cfcdc2ee') in 0.034602 seconds 
========================================================================
Received Import Request.
  Time since last request: 0.000038 seconds.
  path: Assets/Models/Environment/detailBeam.fbx
  artifactKey: Guid(c6a0fcad8c192964282587c80a3c0b53) Importer(815301076,1909f56bfc062723c751e8b465ee728b)
Start importing Assets/Models/Environment/detailBeam.fbx using Guid(c6a0fcad8c192964282587c80a3c0b53) Importer(815301076,1909f56bfc062723c751e8b465ee728b)  -> (artifact id: 'a93e3ce17c1e3cb190532be5fd6bb4d3') in 0.040511 seconds 
========================================================================
Received Import Request.
  Time since last request: 0.000061 seconds.
  path: Assets/Fonts/volunmo.asset
  artifactKey: Guid(ef7d1e58a9d40f246ae88233e513fe94) Importer(815301076,1909f56bfc062723c751e8b465ee728b)
Start importing Assets/Fonts/volunmo.asset using Guid(ef7d1e58a9d40f246ae88233e513fe94) Importer(815301076,1909f56bfc062723c751e8b465ee728b)  -> (artifact id: '365c45ebbf948d5c0d89606f6e9a7414') in 0.073709 seconds 
========================================================================
Received Import Request.
  Time since last request: 0.000032 seconds.
  path: Assets/Models/Environment/detailCables_typeA.fbx
  artifactKey: Guid(9090130cb10be894faf5b1d35a3b3b8f) Importer(815301076,1909f56bfc062723c751e8b465ee728b)
Start importing Assets/Models/Environment/detailCables_typeA.fbx using Guid(9090130cb10be894faf5b1d35a3b3b8f) Importer(815301076,1909f56bfc062723c751e8b465ee728b)  -> (artifact id: 'f3627699803cc28264c61b5374a28399') in 0.036837 seconds 
========================================================================
Received Import Request.
  Time since last request: 0.000049 seconds.
  path: Assets/Models/Environment/windowWide_typeC.fbx
  artifactKey: Guid(a339dda1eb396d34ea381627e9906780) Importer(815301076,1909f56bfc062723c751e8b465ee728b)
Start importing Assets/Models/Environment/windowWide_typeC.fbx using Guid(a339dda1eb396d34ea381627e9906780) Importer(815301076,1909f56bfc062723c751e8b465ee728b)  -> (artifact id: '176ba81abb33b0bc1d26fcc82de3c0bd') in 0.043580 seconds 
========================================================================
Received Import Request.
  Time since last request: 0.000037 seconds.
  path: Assets/Models/Environment/windowWide_typeA.fbx
  artifactKey: Guid(2cda4355539967f448f58ec33a547f71) Importer(815301076,1909f56bfc062723c751e8b465ee728b)
Start importing Assets/Models/Environment/windowWide_typeA.fbx using Guid(2cda4355539967f448f58ec33a547f71) Importer(815301076,1909f56bfc062723c751e8b465ee728b)  -> (artifact id: '34051675377a204c636d33b4c8a63c36') in 0.043432 seconds 
========================================================================
Received Import Request.
  Time since last request: 0.000027 seconds.
  path: Assets/Materials/Misc/Liquid/water_soft_3x3_AB.mat
  artifactKey: Guid(a3b80f031ac8ed843a342206e075abca) Importer(815301076,1909f56bfc062723c751e8b465ee728b)
Start importing Assets/Materials/Misc/Liquid/water_soft_3x3_AB.mat using Guid(a3b80f031ac8ed843a342206e075abca) Importer(815301076,1909f56bfc062723c751e8b465ee728b)  -> (artifact id: '8a27da5d597c9da1e893f38f5aee6802') in 0.026319 seconds 
========================================================================
Received Import Request.
  Time since last request: 0.000035 seconds.
  path: Assets/Materials/Basics/sparkle_ADD.mat
  artifactKey: Guid(a976a44ca501e564bb2adee42f573b4d) Importer(815301076,1909f56bfc062723c751e8b465ee728b)
Start importing Assets/Materials/Basics/sparkle_ADD.mat using Guid(a976a44ca501e564bb2adee42f573b4d) Importer(815301076,1909f56bfc062723c751e8b465ee728b)  -> (artifact id: '396f4c96a0605bff83bb5ead263ecf20') in 0.024318 seconds 
========================================================================
Received Import Request.
  Time since last request: 0.000052 seconds.
  path: Assets/Models/Environment/tableRound.fbx
  artifactKey: Guid(ab568ab7c1ffb034baafe8d60b0cdc85) Importer(815301076,1909f56bfc062723c751e8b465ee728b)
Start importing Assets/Models/Environment/tableRound.fbx using Guid(ab568ab7c1ffb034baafe8d60b0cdc85) Importer(815301076,1909f56bfc062723c751e8b465ee728b)  -> (artifact id: 'e5e82176814087e6533b093e2d20e919') in 0.032868 seconds 
========================================================================
Received Import Request.
  Time since last request: 0.000022 seconds.
  path: Assets/Models/Environment/detailBarrier_typeA.fbx
  artifactKey: Guid(917409b93984eb043be937b8344b1e01) Importer(815301076,1909f56bfc062723c751e8b465ee728b)
Start importing Assets/Models/Environment/detailBarrier_typeA.fbx using Guid(917409b93984eb043be937b8344b1e01) Importer(815301076,1909f56bfc062723c751e8b465ee728b)  -> (artifact id: 'ab0a9afd06bc33b8fb38d653069a354f') in 0.042766 seconds 
========================================================================
Received Import Request.
  Time since last request: 0.000037 seconds.
  path: Assets/Plugins/AllIn1SpriteShader/Materials/ScaledTIme.mat
  artifactKey: Guid(3241ea466d4f8334898daf420de4026b) Importer(815301076,1909f56bfc062723c751e8b465ee728b)
Start importing Assets/Plugins/AllIn1SpriteShader/Materials/ScaledTIme.mat using Guid(3241ea466d4f8334898daf420de4026b) Importer(815301076,1909f56bfc062723c751e8b465ee728b)  -> (artifact id: '47e80f3a677817937d1dd6854aadb524') in 0.024354 seconds 
========================================================================
Received Import Request.
  Time since last request: 0.000047 seconds.
  path: Assets/Materials/TurretMaterials.mat
  artifactKey: Guid(cc919ede1bcfa504286f7782aecad3ec) Importer(815301076,1909f56bfc062723c751e8b465ee728b)
Start importing Assets/Materials/TurretMaterials.mat using Guid(cc919ede1bcfa504286f7782aecad3ec) Importer(815301076,1909f56bfc062723c751e8b465ee728b)  -> (artifact id: '480914aaf1402d091d8f1cdf3395810f') in 0.028653 seconds 
========================================================================
Received Import Request.
  Time since last request: 0.000025 seconds.
  path: Assets/Models/Environment/treePine_large.fbx
  artifactKey: Guid(2e9bf81a2fc05174180a0f18a1402607) Importer(815301076,1909f56bfc062723c751e8b465ee728b)
Start importing Assets/Models/Environment/treePine_large.fbx using Guid(2e9bf81a2fc05174180a0f18a1402607) Importer(815301076,1909f56bfc062723c751e8b465ee728b)  -> (artifact id: '7486e4d83d478bb4ac9c5b11934b349d') in 0.036779 seconds 
========================================================================
Received Import Request.
  Time since last request: 0.000032 seconds.
  path: Assets/Models/Environment/detailLight_single.fbx
  artifactKey: Guid(e4b1a6862ffc5d345a8647645377d787) Importer(815301076,1909f56bfc062723c751e8b465ee728b)
Start importing Assets/Models/Environment/detailLight_single.fbx using Guid(e4b1a6862ffc5d345a8647645377d787) Importer(815301076,1909f56bfc062723c751e8b465ee728b)  -> (artifact id: 'fdefcd20d8a113c612c1075d8febaaf1') in 0.037079 seconds 
========================================================================
Received Import Request.
  Time since last request: 0.000036 seconds.
  path: Assets/Models/ETFX_Rocket2.FBX
  artifactKey: Guid(ec53fcd1a7c31ba41b4f4450312d8208) Importer(815301076,1909f56bfc062723c751e8b465ee728b)
Start importing Assets/Models/ETFX_Rocket2.FBX using Guid(ec53fcd1a7c31ba41b4f4450312d8208) Importer(815301076,1909f56bfc062723c751e8b465ee728b)  -> (artifact id: 'f1eaeb8a043945fab37230277f70ab2d') in 0.045733 seconds 
========================================================================
Received Import Request.
  Time since last request: 0.000030 seconds.
  path: Assets/Materials/grass.mat
  artifactKey: Guid(22f56bd2e144be247958517b1a723356) Importer(815301076,1909f56bfc062723c751e8b465ee728b)
Start importing Assets/Materials/grass.mat using Guid(22f56bd2e144be247958517b1a723356) Importer(815301076,1909f56bfc062723c751e8b465ee728b)  -> (artifact id: 'e53b1e25f8a8549f8d9b15871580840c') in 0.049835 seconds 
========================================================================
Received Import Request.
  Time since last request: 0.000023 seconds.
  path: Assets/GUI PRO Kit - Casual Game/ResourcesData/Particle/Materials/fx_star_s_blurry_yellow.mat
  artifactKey: Guid(4df726e512a784435915484f6c24dcad) Importer(815301076,1909f56bfc062723c751e8b465ee728b)
Start importing Assets/GUI PRO Kit - Casual Game/ResourcesData/Particle/Materials/fx_star_s_blurry_yellow.mat using Guid(4df726e512a784435915484f6c24dcad) Importer(815301076,1909f56bfc062723c751e8b465ee728b)  -> (artifact id: 'e9081ceed2baceb7ae864fa5af85f2dc') in 0.019678 seconds 
========================================================================
Received Import Request.
  Time since last request: 0.000051 seconds.
  path: Assets/GUI PRO Kit - Casual Game/ResourcesData/Particle/Materials/fx_Star_l_clear_blue.mat
  artifactKey: Guid(8817af8399a44484ca02c825c3938c84) Importer(815301076,1909f56bfc062723c751e8b465ee728b)
Start importing Assets/GUI PRO Kit - Casual Game/ResourcesData/Particle/Materials/fx_Star_l_clear_blue.mat using Guid(8817af8399a44484ca02c825c3938c84) Importer(815301076,1909f56bfc062723c751e8b465ee728b)  -> (artifact id: '7d7d4940ae487bb8db9859f4e78371ba') in 0.018656 seconds 
========================================================================
Received Import Request.
  Time since last request: 0.000025 seconds.
  path: Assets/GUI PRO Kit - Casual Game/ResourcesData/Particle/Materials/fx_Star_l_clear_green.mat
  artifactKey: Guid(4d98e8a4b8f4f4ae1bca717e892b5f03) Importer(815301076,1909f56bfc062723c751e8b465ee728b)
Start importing Assets/GUI PRO Kit - Casual Game/ResourcesData/Particle/Materials/fx_Star_l_clear_green.mat using Guid(4d98e8a4b8f4f4ae1bca717e892b5f03) Importer(815301076,1909f56bfc062723c751e8b465ee728b)  -> (artifact id: 'c6b8c1e08d209dd8f7a53dee48538b27') in 0.018483 seconds 
========================================================================
Received Import Request.
  Time since last request: 0.000056 seconds.
  path: Assets/GUI PRO Kit - Casual Game/ResourcesData/Particle/Materials/fx_star_s_clear_white.mat
  artifactKey: Guid(2ce604c2342574738880f8180d987ecb) Importer(815301076,1909f56bfc062723c751e8b465ee728b)
Start importing Assets/GUI PRO Kit - Casual Game/ResourcesData/Particle/Materials/fx_star_s_clear_white.mat using Guid(2ce604c2342574738880f8180d987ecb) Importer(815301076,1909f56bfc062723c751e8b465ee728b)  -> (artifact id: 'f582d7a9acf1a1ee3cb27a57fb11d9a3') in 0.021905 seconds 
========================================================================
Received Import Request.
  Time since last request: 0.000040 seconds.
  path: Assets/GUI PRO Kit - Casual Game/ResourcesData/Particle/Materials/fx_Star_l_clear_yellow.mat
  artifactKey: Guid(dbef6ab02e5dc455fb168c40b7d060af) Importer(815301076,1909f56bfc062723c751e8b465ee728b)
Start importing Assets/GUI PRO Kit - Casual Game/ResourcesData/Particle/Materials/fx_Star_l_clear_yellow.mat using Guid(dbef6ab02e5dc455fb168c40b7d060af) Importer(815301076,1909f56bfc062723c751e8b465ee728b)  -> (artifact id: '3b80991205ee91fdc706dc6dcc3a10d4') in 0.016750 seconds 
========================================================================
Received Import Request.
  Time since last request: 0.000046 seconds.
  path: Assets/Models/Environment/treePine_small.fbx
  artifactKey: Guid(1744fd01931ce054a93a4f61792654a4) Importer(815301076,1909f56bfc062723c751e8b465ee728b)
Start importing Assets/Models/Environment/treePine_small.fbx using Guid(1744fd01931ce054a93a4f61792654a4) Importer(815301076,1909f56bfc062723c751e8b465ee728b)  -> (artifact id: '4ef7a252dc9dbc105ba4b4dfc2afbd7e') in 0.033098 seconds 
========================================================================
Received Import Request.
  Time since last request: 0.000031 seconds.
  path: Assets/GUI PRO Kit - Casual Game/ResourcesData/Particle/Materials/fx_Star_l_clear_White.mat
  artifactKey: Guid(60ff7bb6f57f142fbac73e28807fa263) Importer(815301076,1909f56bfc062723c751e8b465ee728b)
Start importing Assets/GUI PRO Kit - Casual Game/ResourcesData/Particle/Materials/fx_Star_l_clear_White.mat using Guid(60ff7bb6f57f142fbac73e28807fa263) Importer(815301076,1909f56bfc062723c751e8b465ee728b)  -> (artifact id: '72262d2d71c0c45bbb8b0c88565e2634') in 0.020509 seconds 
========================================================================
Received Import Request.
  Time since last request: 0.000042 seconds.
  path: Assets/GUI PRO Kit - Casual Game/ResourcesData/Particle/Materials/fx_star_s_blurry_purple.mat
  artifactKey: Guid(34bd1d6b7d9804f75b92aa1c618b763a) Importer(815301076,1909f56bfc062723c751e8b465ee728b)
Start importing Assets/GUI PRO Kit - Casual Game/ResourcesData/Particle/Materials/fx_star_s_blurry_purple.mat using Guid(34bd1d6b7d9804f75b92aa1c618b763a) Importer(815301076,1909f56bfc062723c751e8b465ee728b)  -> (artifact id: '2c6938c45b6c187f68127545edf51181') in 0.021366 seconds 
Editor requested this worker to shutdown with reason: Scaling down because of idle timeout
AssetImportWorker is now disconnected from the server
Process exiting
Exiting without the bug reporter. Application will terminate with return code 0